MTPR from 16.mtp, Database: train.cfg
validation set: valid.cfg
Random initialization of radial coefficients
Rescaling...
   scaling = 0.833333333333333, condition number = 7058.86840894222
   scaling = 0.909090909090909, condition number = 9337.42900317106
   scaling = 1, condition number = 13360.8659642068
   scaling = 1.1, condition number = 16643.3861952574
   scaling = 1.2, condition number = 23571.8259733756
Rescaling to 0.833333333333333... done
Rescaling...
   scaling = 0.694444444444445, condition number = 4220.61331770275
   scaling = 0.757575757575758, condition number = 5327.08362197638
   scaling = 0.833333333333333, condition number = 7059.04058886935
   scaling = 0.916666666666667, condition number = 9652.57360658722
   scaling = 1, condition number = 13360.8659641568
Rescaling to 0.694444444444445... done
Rescaling...
   scaling = 0.578703703703704, condition number = 2687.35876781601
   scaling = 0.631313131313131, condition number = 3197.82813107928
   scaling = 0.694444444444445, condition number = 4220.6133177255
   scaling = 0.763888888888889, condition number = 5437.42336435563
   scaling = 0.833333333333333, condition number = 7059.04058888736
Rescaling to 0.578703703703704... done
Rescaling...
   scaling = 0.482253086419753, condition number = 1509.39249434947
   scaling = 0.526094276094276, condition number = 2069.31848744033
   scaling = 0.578703703703704, condition number = 2687.35876785366
   scaling = 0.636574074074074, condition number = 3251.32044869272
   scaling = 0.694444444444445, condition number = 4220.61331772083
Rescaling to 0.482253086419753... done
Rescaling...
   scaling = 0.401877572016461, condition number = 793.24366630447
   scaling = 0.43841189674523, condition number = 1031.43041663547
   scaling = 0.482253086419753, condition number = 1509.39249433983
   scaling = 0.530478395061729, condition number = 2086.52076668265
   scaling = 0.578703703703704, condition number = 2687.35876780925
Rescaling to 0.401877572016461... done
Rescaling...
   scaling = 0.334897976680384, condition number = 460.590738173733
   scaling = 0.365343247287692, condition number = 596.758312002724
   scaling = 0.401877572016461, condition number = 793.243666861777
   scaling = 0.442065329218107, condition number = 1066.18796022317
   scaling = 0.482253086419753, condition number = 1509.39249118243
Rescaling to 0.334897976680384... done
Rescaling...
   scaling = 0.279081647233653, condition number = 269.233842240063
   scaling = 0.304452706073077, condition number = 352.949823282191
   scaling = 0.334897976680384, condition number = 460.590735106094
   scaling = 0.368387774348423, condition number = 611.713337414163
   scaling = 0.401877572016461, condition number = 793.243666344184
Rescaling to 0.279081647233653... done
Rescaling...
   scaling = 0.232568039361378, condition number = 153.862822713766
   scaling = 0.25371058839423, condition number = 204.732320407598
   scaling = 0.279081647233653, condition number = 269.233840519634
   scaling = 0.306989811957019, condition number = 377.360029979882
   scaling = 0.334897976680384, condition number = 460.590735113831
Rescaling to 0.232568039361378... done
Rescaling...
   scaling = 0.193806699467815, condition number = 94.3782343497011
   scaling = 0.211425490328525, condition number = 115.425830317465
   scaling = 0.232568039361378, condition number = 153.862821500182
   scaling = 0.255824843297516, condition number = 209.607675188858
   scaling = 0.279081647233653, condition number = 269.233843117389
Rescaling to 0.193806699467815... done
Rescaling...
   scaling = 0.161505582889846, condition number = 72.6801143896832
   scaling = 0.176187908607104, condition number = 82.6494154676777
   scaling = 0.193806699467815, condition number = 94.3782432830351
   scaling = 0.213187369414596, condition number = 117.831796885526
   scaling = 0.232568039361378, condition number = 153.862820129221
Rescaling to 0.161505582889846... done
Rescaling...
   scaling = 0.134587985741538, condition number = 65.0099267727736
   scaling = 0.146823257172587, condition number = 65.8713084110589
   scaling = 0.161505582889846, condition number = 72.6800727511006
   scaling = 0.17765614117883, condition number = 83.4385982979135
   scaling = 0.193806699467815, condition number = 94.3780282544779
Rescaling to 0.134587985741538... done
Rescaling...
   scaling = 0.112156654784615, condition number = 69.6930970018492
   scaling = 0.122352714310489, condition number = 71.2270220806681
   scaling = 0.134587985741538, condition number = 65.0099467173439
   scaling = 0.148046784315692, condition number = 66.0978739993393
   scaling = 0.161505582889846, condition number = 72.6800958060487
Rescaling to 0.134587985741538... done
Pre-training started
MTPR parallel training started
BFGS iter 0: f=1.0717
BFGS iter 1: f=1.05247
BFGS iter 2: f=0.974407
BFGS iter 3: f=0.904155
BFGS iter 4: f=0.851082
BFGS iter 5: f=0.815027
BFGS iter 6: f=0.782946
BFGS iter 7: f=0.736588
BFGS iter 8: f=0.710123
BFGS iter 9: f=0.649331
BFGS iter 10: f=0.627379
BFGS iter 11: f=0.580774
BFGS iter 12: f=0.56059
BFGS iter 13: f=0.521994
BFGS iter 14: f=0.504999
BFGS iter 15: f=0.476842
BFGS iter 16: f=0.459914
BFGS iter 17: f=0.449867
BFGS iter 18: f=0.421507
BFGS iter 19: f=0.389453
BFGS iter 20: f=0.371223
BFGS iter 21: f=0.355085
BFGS iter 22: f=0.343229
BFGS iter 23: f=0.331956
BFGS iter 24: f=0.326301
BFGS iter 25: f=0.318229
BFGS iter 26: f=0.306529
BFGS iter 27: f=0.294084
BFGS iter 28: f=0.281819
BFGS iter 29: f=0.266826
BFGS iter 30: f=0.251792
BFGS iter 31: f=0.244179
BFGS iter 32: f=0.23312
BFGS iter 33: f=0.223311
BFGS iter 34: f=0.217772
BFGS iter 35: f=0.209683
BFGS iter 36: f=0.204599
BFGS iter 37: f=0.199508
BFGS iter 38: f=0.195139
BFGS iter 39: f=0.189798
BFGS iter 40: f=0.185452
BFGS iter 41: f=0.179858
BFGS iter 42: f=0.176217
BFGS iter 43: f=0.170969
BFGS iter 44: f=0.166091
BFGS iter 45: f=0.162515
BFGS iter 46: f=0.158999
BFGS iter 47: f=0.156553
BFGS iter 48: f=0.154212
BFGS iter 49: f=0.150486
BFGS iter 50: f=0.119421
BFGS iter 51: f=0.1182
BFGS iter 52: f=0.116676
BFGS iter 53: f=0.11607
BFGS iter 54: f=0.115311
BFGS iter 55: f=0.113728
BFGS iter 56: f=0.111703
BFGS iter 57: f=0.109946
BFGS iter 58: f=0.107367
BFGS iter 59: f=0.104838
BFGS iter 60: f=0.103233
BFGS iter 61: f=0.101627
BFGS iter 62: f=0.100139
BFGS iter 63: f=0.0989244
BFGS iter 64: f=0.0975658
BFGS iter 65: f=0.0963864
BFGS iter 66: f=0.0952152
BFGS iter 67: f=0.0937222
BFGS iter 68: f=0.0925043
BFGS iter 69: f=0.0913179
BFGS iter 70: f=0.0901848
BFGS iter 71: f=0.0889313
BFGS iter 72: f=0.0880505
BFGS iter 73: f=0.0870152
BFGS iter 74: f=0.0859121
step limit reached
MTPR training ended
Rescaling...
   scaling = 0.112156654784615, condition number = 45.1770339401182
   scaling = 0.122352714310489, condition number = 43.0966000154397
   scaling = 0.134587985741538, condition number = 42.0504934243259
   scaling = 0.148046784315692, condition number = 42.5003713680184
   scaling = 0.161505582889846, condition number = 44.876055747008
Rescaling to 0.134587985741538... done
Pre-training ended
Found configuration with mindist=1.94163399754562, MTP's mindist will be decreased
BFGS iterations count set to 2000
BFGS convergence tolerance set to 0.001
Energy weight: 1
Force weight: 0.01
Stress weight: 0
MTPR parallel training started
BFGS iter 0: f=0.0838433
BFGS iter 1: f=0.0836084
BFGS iter 2: f=0.0833605
BFGS iter 3: f=0.0829881
BFGS iter 4: f=0.082783
BFGS iter 5: f=0.0822616
BFGS iter 6: f=0.0815501
BFGS iter 7: f=0.0810281
BFGS iter 8: f=0.0804024
BFGS iter 9: f=0.0798263
BFGS iter 10: f=0.079306
BFGS iter 11: f=0.0787444
BFGS iter 12: f=0.0784447
BFGS iter 13: f=0.0778959
BFGS iter 14: f=0.0773243
BFGS iter 15: f=0.0771203
BFGS iter 16: f=0.0768126
BFGS iter 17: f=0.0764514
BFGS iter 18: f=0.0757946
BFGS iter 19: f=0.0752311
BFGS iter 20: f=0.0749912
BFGS iter 21: f=0.0746086
BFGS iter 22: f=0.0742188
BFGS iter 23: f=0.0736002
BFGS iter 24: f=0.0731518
BFGS iter 25: f=0.0727691
BFGS iter 26: f=0.0723076
BFGS iter 27: f=0.0719607
BFGS iter 28: f=0.0716598
BFGS iter 29: f=0.0710051
BFGS iter 30: f=0.070572
BFGS iter 31: f=0.0700067
BFGS iter 32: f=0.069502
BFGS iter 33: f=0.0689736
BFGS iter 34: f=0.0684307
BFGS iter 35: f=0.0679545
BFGS iter 36: f=0.0674687
BFGS iter 37: f=0.0670968
BFGS iter 38: f=0.0667819
BFGS iter 39: f=0.0664129
BFGS iter 40: f=0.0659715
BFGS iter 41: f=0.0655108
BFGS iter 42: f=0.065148
BFGS iter 43: f=0.0648092
BFGS iter 44: f=0.0644103
BFGS iter 45: f=0.0638831
BFGS iter 46: f=0.0633048
BFGS iter 47: f=0.0629801
BFGS iter 48: f=0.0625169
BFGS iter 49: f=0.0622376
BFGS iter 50: f=0.0572232
BFGS iter 51: f=0.0568446
BFGS iter 52: f=0.0563132
BFGS iter 53: f=0.0558303
BFGS iter 54: f=0.0553694
BFGS iter 55: f=0.0549473
BFGS iter 56: f=0.0547321
BFGS iter 57: f=0.0543501
BFGS iter 58: f=0.0538252
BFGS iter 59: f=0.0534388
BFGS iter 60: f=0.05317
BFGS iter 61: f=0.0527378
BFGS iter 62: f=0.0523118
BFGS iter 63: f=0.0518212
BFGS iter 64: f=0.0514215
BFGS iter 65: f=0.0512069
BFGS iter 66: f=0.050763
BFGS iter 67: f=0.0505119
BFGS iter 68: f=0.0502904
BFGS iter 69: f=0.0498514
BFGS iter 70: f=0.0495426
BFGS iter 71: f=0.0491356
BFGS iter 72: f=0.0488978
BFGS iter 73: f=0.0486057
BFGS iter 74: f=0.0482499
BFGS iter 75: f=0.0480243
BFGS iter 76: f=0.047902
BFGS iter 77: f=0.0477312
BFGS iter 78: f=0.0474913
BFGS iter 79: f=0.0472786
BFGS iter 80: f=0.0469509
BFGS iter 81: f=0.0466925
BFGS iter 82: f=0.0463755
BFGS iter 83: f=0.0461657
BFGS iter 84: f=0.0459893
BFGS iter 85: f=0.0457918
BFGS iter 86: f=0.0456144
BFGS iter 87: f=0.0454338
BFGS iter 88: f=0.0452016
BFGS iter 89: f=0.0450264
BFGS iter 90: f=0.0448421
BFGS iter 91: f=0.0446308
BFGS iter 92: f=0.0443926
BFGS iter 93: f=0.0442236
BFGS iter 94: f=0.0440687
BFGS iter 95: f=0.0439285
BFGS iter 96: f=0.0437664
BFGS iter 97: f=0.0435819
BFGS iter 98: f=0.0433828
BFGS iter 99: f=0.0432251
BFGS iter 100: f=0.0411382
BFGS iter 101: f=0.0410101
BFGS iter 102: f=0.0409428
BFGS iter 103: f=0.0407111
BFGS iter 104: f=0.0406069
BFGS iter 105: f=0.0404106
BFGS iter 106: f=0.0402583
BFGS iter 107: f=0.0401106
BFGS iter 108: f=0.0399171
BFGS iter 109: f=0.0397353
BFGS iter 110: f=0.0396158
BFGS iter 111: f=0.0394892
BFGS iter 112: f=0.039381
BFGS iter 113: f=0.0392313
BFGS iter 114: f=0.0390561
BFGS iter 115: f=0.0388875
BFGS iter 116: f=0.0387685
BFGS iter 117: f=0.0386241
BFGS iter 118: f=0.0384661
BFGS iter 119: f=0.0383857
BFGS iter 120: f=0.0382827
BFGS iter 121: f=0.038195
BFGS iter 122: f=0.0380657
BFGS iter 123: f=0.0379395
BFGS iter 124: f=0.0378358
BFGS iter 125: f=0.0377256
BFGS iter 126: f=0.0376135
BFGS iter 127: f=0.0374914
BFGS iter 128: f=0.0373981
BFGS iter 129: f=0.0372444
BFGS iter 130: f=0.0371321
BFGS iter 131: f=0.0370344
BFGS iter 132: f=0.0369128
BFGS iter 133: f=0.0367203
BFGS iter 134: f=0.0365813
BFGS iter 135: f=0.0364753
BFGS iter 136: f=0.0364008
BFGS iter 137: f=0.0362638
BFGS iter 138: f=0.0361303
BFGS iter 139: f=0.0359907
BFGS iter 140: f=0.0358435
BFGS iter 141: f=0.0357402
BFGS iter 142: f=0.0356323
BFGS iter 143: f=0.035565
BFGS iter 144: f=0.035475
BFGS iter 145: f=0.035381
BFGS iter 146: f=0.0352739
BFGS iter 147: f=0.0352095
BFGS iter 148: f=0.0350987
BFGS iter 149: f=0.0350219
BFGS iter 150: f=0.0334674
BFGS iter 151: f=0.0333226
BFGS iter 152: f=0.033237
BFGS iter 153: f=0.0331287
BFGS iter 154: f=0.0330232
BFGS iter 155: f=0.0329474
BFGS iter 156: f=0.032864
BFGS iter 157: f=0.0327817
BFGS iter 158: f=0.0327185
BFGS iter 159: f=0.0326364
BFGS iter 160: f=0.0325344
BFGS iter 161: f=0.0324536
BFGS iter 162: f=0.032352
BFGS iter 163: f=0.0322409
BFGS iter 164: f=0.032143
BFGS iter 165: f=0.0320369
BFGS iter 166: f=0.0319219
BFGS iter 167: f=0.031813
BFGS iter 168: f=0.0317424
BFGS iter 169: f=0.0316583
BFGS iter 170: f=0.0315794
BFGS iter 171: f=0.0315049
BFGS iter 172: f=0.0314337
BFGS iter 173: f=0.0313503
BFGS iter 174: f=0.0312803
BFGS iter 175: f=0.0312152
BFGS iter 176: f=0.031157
BFGS iter 177: f=0.0310931
BFGS iter 178: f=0.0310359
BFGS iter 179: f=0.0309717
BFGS iter 180: f=0.0309029
BFGS iter 181: f=0.0308393
BFGS iter 182: f=0.030773
BFGS iter 183: f=0.0307218
BFGS iter 184: f=0.0306544
BFGS iter 185: f=0.0305756
BFGS iter 186: f=0.0305021
BFGS iter 187: f=0.0304296
BFGS iter 188: f=0.0303845
BFGS iter 189: f=0.0303327
BFGS iter 190: f=0.0302754
BFGS iter 191: f=0.0302225
BFGS iter 192: f=0.0301544
BFGS iter 193: f=0.0300952
BFGS iter 194: f=0.0300375
BFGS iter 195: f=0.0299972
BFGS iter 196: f=0.029958
BFGS iter 197: f=0.0299233
BFGS iter 198: f=0.0298936
BFGS iter 199: f=0.0298492
BFGS iter 200: f=0.0287614
BFGS iter 201: f=0.0286806
BFGS iter 202: f=0.0286388
BFGS iter 203: f=0.0285787
BFGS iter 204: f=0.028548
BFGS iter 205: f=0.028499
BFGS iter 206: f=0.028439
BFGS iter 207: f=0.0283873
BFGS iter 208: f=0.028337
BFGS iter 209: f=0.0282768
BFGS iter 210: f=0.0282311
BFGS iter 211: f=0.0281908
BFGS iter 212: f=0.0281399
BFGS iter 213: f=0.0281041
BFGS iter 214: f=0.0280692
BFGS iter 215: f=0.0280367
BFGS iter 216: f=0.0280016
BFGS iter 217: f=0.0279678
BFGS iter 218: f=0.027942
BFGS iter 219: f=0.0279042
BFGS iter 220: f=0.0278674
BFGS iter 221: f=0.027835
BFGS iter 222: f=0.0278066
BFGS iter 223: f=0.0277759
BFGS iter 224: f=0.0277473
BFGS iter 225: f=0.0277206
BFGS iter 226: f=0.0276908
BFGS iter 227: f=0.0276609
BFGS iter 228: f=0.0276336
BFGS iter 229: f=0.0276078
BFGS iter 230: f=0.0275828
BFGS iter 231: f=0.0275577
BFGS iter 232: f=0.027531
BFGS iter 233: f=0.0274996
BFGS iter 234: f=0.0274752
BFGS iter 235: f=0.0274485
BFGS iter 236: f=0.0274273
BFGS iter 237: f=0.0274064
BFGS iter 238: f=0.0273815
BFGS iter 239: f=0.0273504
BFGS iter 240: f=0.0273226
BFGS iter 241: f=0.0273003
BFGS iter 242: f=0.0272805
BFGS iter 243: f=0.0272595
BFGS iter 244: f=0.0272391
BFGS iter 245: f=0.0272172
BFGS iter 246: f=0.027198
BFGS iter 247: f=0.0271768
BFGS iter 248: f=0.0271521
BFGS iter 249: f=0.0271237
BFGS iter 250: f=0.0266566
BFGS iter 251: f=0.0265851
BFGS iter 252: f=0.0265454
BFGS iter 253: f=0.0265152
BFGS iter 254: f=0.0264893
BFGS iter 255: f=0.0264545
BFGS iter 256: f=0.0264213
BFGS iter 257: f=0.0263984
BFGS iter 258: f=0.0263789
BFGS iter 259: f=0.0263565
BFGS iter 260: f=0.0263386
BFGS iter 261: f=0.0263161
BFGS iter 262: f=0.0262915
BFGS iter 263: f=0.0262672
BFGS iter 264: f=0.02625
BFGS iter 265: f=0.0262309
BFGS iter 266: f=0.0262104
BFGS iter 267: f=0.0261928
BFGS iter 268: f=0.0261743
BFGS iter 269: f=0.026155
BFGS iter 270: f=0.0261384
BFGS iter 271: f=0.0261243
BFGS iter 272: f=0.0261072
BFGS iter 273: f=0.0260923
BFGS iter 274: f=0.0260743
BFGS iter 275: f=0.0260617
BFGS iter 276: f=0.0260503
BFGS iter 277: f=0.0260393
BFGS iter 278: f=0.0260255
BFGS iter 279: f=0.026012
BFGS iter 280: f=0.0259989
BFGS iter 281: f=0.0259856
BFGS iter 282: f=0.0259734
BFGS iter 283: f=0.0259605
BFGS iter 284: f=0.0259475
BFGS iter 285: f=0.0259355
BFGS iter 286: f=0.0259261
BFGS iter 287: f=0.025912
BFGS iter 288: f=0.0258991
BFGS iter 289: f=0.0258914
BFGS iter 290: f=0.0258797
BFGS iter 291: f=0.0258726
BFGS iter 292: f=0.025863
BFGS iter 293: f=0.0258511
BFGS iter 294: f=0.0258415
BFGS iter 295: f=0.0258279
BFGS iter 296: f=0.0258168
BFGS iter 297: f=0.0258073
BFGS iter 298: f=0.0257977
BFGS iter 299: f=0.025788
BFGS iter 300: f=0.0255832
BFGS iter 301: f=0.0255647
BFGS iter 302: f=0.0255486
BFGS iter 303: f=0.0255393
BFGS iter 304: f=0.0255276
BFGS iter 305: f=0.0255153
BFGS iter 306: f=0.0255021
BFGS iter 307: f=0.0254847
BFGS iter 308: f=0.0254694
BFGS iter 309: f=0.0254565
BFGS iter 310: f=0.0254437
BFGS iter 311: f=0.025428
BFGS iter 312: f=0.0254122
BFGS iter 313: f=0.0253968
BFGS iter 314: f=0.0253811
BFGS iter 315: f=0.0253677
BFGS iter 316: f=0.0253573
BFGS iter 317: f=0.0253437
BFGS iter 318: f=0.0253334
BFGS iter 319: f=0.0253208
BFGS iter 320: f=0.0253101
BFGS iter 321: f=0.0253004
BFGS iter 322: f=0.0252898
BFGS iter 323: f=0.0252819
BFGS iter 324: f=0.025274
BFGS iter 325: f=0.0252653
BFGS iter 326: f=0.0252555
BFGS iter 327: f=0.0252464
BFGS iter 328: f=0.0252341
BFGS iter 329: f=0.0252276
BFGS iter 330: f=0.02522
BFGS iter 331: f=0.0252121
BFGS iter 332: f=0.0252036
BFGS iter 333: f=0.0251964
BFGS iter 334: f=0.0251869
BFGS iter 335: f=0.0251803
BFGS iter 336: f=0.025172
BFGS iter 337: f=0.0251663
BFGS iter 338: f=0.0251593
BFGS iter 339: f=0.0251533
BFGS iter 340: f=0.0251467
BFGS iter 341: f=0.0251402
BFGS iter 342: f=0.0251351
BFGS iter 343: f=0.0251305
BFGS iter 344: f=0.0251233
BFGS iter 345: f=0.0251169
BFGS iter 346: f=0.0251103
BFGS iter 347: f=0.0251032
BFGS iter 348: f=0.0250966
BFGS iter 349: f=0.0250909
BFGS iter 350: f=0.0249409
BFGS iter 351: f=0.0249242
BFGS iter 352: f=0.0249186
BFGS iter 353: f=0.02491
BFGS iter 354: f=0.0249036
BFGS iter 355: f=0.024897
BFGS iter 356: f=0.0248907
BFGS iter 357: f=0.0248851
BFGS iter 358: f=0.0248783
BFGS iter 359: f=0.0248726
BFGS iter 360: f=0.0248676
BFGS iter 361: f=0.0248598
BFGS iter 362: f=0.024854
BFGS iter 363: f=0.0248488
BFGS iter 364: f=0.0248407
BFGS iter 365: f=0.0248325
BFGS iter 366: f=0.0248274
BFGS iter 367: f=0.0248194
BFGS iter 368: f=0.0248131
BFGS iter 369: f=0.0248072
BFGS iter 370: f=0.0247995
BFGS iter 371: f=0.0247934
BFGS iter 372: f=0.0247862
BFGS iter 373: f=0.0247797
BFGS iter 374: f=0.0247754
BFGS iter 375: f=0.0247694
BFGS iter 376: f=0.0247643
BFGS iter 377: f=0.0247607
BFGS iter 378: f=0.0247551
BFGS iter 379: f=0.0247498
BFGS iter 380: f=0.0247446
BFGS iter 381: f=0.0247393
BFGS iter 382: f=0.0247355
BFGS iter 383: f=0.0247315
BFGS iter 384: f=0.0247271
BFGS iter 385: f=0.0247233
BFGS iter 386: f=0.0247179
BFGS iter 387: f=0.0247138
BFGS iter 388: f=0.0247082
BFGS iter 389: f=0.0247025
BFGS iter 390: f=0.024697
BFGS iter 391: f=0.0246912
BFGS iter 392: f=0.0246863
BFGS iter 393: f=0.0246821
BFGS iter 394: f=0.0246761
BFGS iter 395: f=0.0246712
BFGS iter 396: f=0.0246665
BFGS iter 397: f=0.0246614
BFGS iter 398: f=0.0246566
BFGS iter 399: f=0.0246515
BFGS iter 400: f=0.0245429
BFGS iter 401: f=0.0245194
BFGS iter 402: f=0.0245134
BFGS iter 403: f=0.0245067
BFGS iter 404: f=0.0245043
BFGS iter 405: f=0.024501
BFGS iter 406: f=0.0244966
BFGS iter 407: f=0.0244916
BFGS iter 408: f=0.024488
BFGS iter 409: f=0.0244839
BFGS iter 410: f=0.0244799
BFGS iter 411: f=0.0244752
BFGS iter 412: f=0.0244704
BFGS iter 413: f=0.0244667
BFGS iter 414: f=0.0244622
BFGS iter 415: f=0.0244583
BFGS iter 416: f=0.0244555
BFGS iter 417: f=0.0244518
BFGS iter 418: f=0.0244478
BFGS iter 419: f=0.0244446
BFGS iter 420: f=0.0244413
BFGS iter 421: f=0.0244382
BFGS iter 422: f=0.0244347
BFGS iter 423: f=0.0244317
BFGS iter 424: f=0.0244293
BFGS iter 425: f=0.0244249
BFGS iter 426: f=0.0244214
BFGS iter 427: f=0.0244188
BFGS iter 428: f=0.0244148
BFGS iter 429: f=0.0244109
BFGS iter 430: f=0.0244071
BFGS iter 431: f=0.0244029
BFGS iter 432: f=0.0243989
BFGS iter 433: f=0.0243948
BFGS iter 434: f=0.0243915
BFGS iter 435: f=0.0243875
BFGS iter 436: f=0.024384
BFGS iter 437: f=0.0243797
BFGS iter 438: f=0.0243763
BFGS iter 439: f=0.0243721
BFGS iter 440: f=0.0243687
BFGS iter 441: f=0.0243646
BFGS iter 442: f=0.0243602
BFGS iter 443: f=0.0243551
BFGS iter 444: f=0.0243504
BFGS iter 445: f=0.0243475
BFGS iter 446: f=0.0243444
BFGS iter 447: f=0.0243407
BFGS iter 448: f=0.0243384
BFGS iter 449: f=0.0243364
BFGS iter 450: f=0.0242366
BFGS iter 451: f=0.0242156
BFGS iter 452: f=0.0242053
BFGS iter 453: f=0.0242
BFGS iter 454: f=0.0241957
BFGS iter 455: f=0.0241931
BFGS iter 456: f=0.0241908
BFGS iter 457: f=0.0241876
BFGS iter 458: f=0.024184
BFGS iter 459: f=0.0241801
BFGS iter 460: f=0.024176
BFGS iter 461: f=0.0241725
BFGS iter 462: f=0.0241691
BFGS iter 463: f=0.0241654
BFGS iter 464: f=0.0241625
BFGS iter 465: f=0.0241598
BFGS iter 466: f=0.0241567
BFGS iter 467: f=0.0241539
BFGS iter 468: f=0.0241517
BFGS iter 469: f=0.0241497
BFGS iter 470: f=0.0241477
BFGS iter 471: f=0.024146
BFGS iter 472: f=0.0241441
BFGS iter 473: f=0.0241427
BFGS iter 474: f=0.0241409
BFGS iter 475: f=0.0241387
BFGS iter 476: f=0.0241363
BFGS iter 477: f=0.0241337
BFGS iter 478: f=0.0241311
BFGS iter 479: f=0.0241283
BFGS iter 480: f=0.0241254
BFGS iter 481: f=0.0241229
BFGS iter 482: f=0.0241205
BFGS iter 483: f=0.0241187
BFGS iter 484: f=0.0241154
BFGS iter 485: f=0.0241123
BFGS iter 486: f=0.02411
BFGS iter 487: f=0.024107
BFGS iter 488: f=0.0241036
BFGS iter 489: f=0.0241008
BFGS iter 490: f=0.0240983
BFGS iter 491: f=0.0240957
BFGS iter 492: f=0.0240923
BFGS iter 493: f=0.0240896
BFGS iter 494: f=0.0240874
BFGS iter 495: f=0.0240853
BFGS iter 496: f=0.0240829
BFGS iter 497: f=0.024081
BFGS iter 498: f=0.0240791
BFGS iter 499: f=0.0240761
BFGS iter 500: f=0.0239815
BFGS iter 501: f=0.0239697
BFGS iter 502: f=0.0239637
BFGS iter 503: f=0.0239596
BFGS iter 504: f=0.0239559
BFGS iter 505: f=0.0239536
BFGS iter 506: f=0.0239515
BFGS iter 507: f=0.0239494
BFGS iter 508: f=0.0239469
BFGS iter 509: f=0.0239441
BFGS iter 510: f=0.0239415
BFGS iter 511: f=0.0239395
BFGS iter 512: f=0.0239372
BFGS iter 513: f=0.0239353
BFGS iter 514: f=0.0239335
BFGS iter 515: f=0.0239319
BFGS iter 516: f=0.0239303
BFGS iter 517: f=0.0239284
BFGS iter 518: f=0.023926
BFGS iter 519: f=0.0239237
BFGS iter 520: f=0.0239217
BFGS iter 521: f=0.0239196
BFGS iter 522: f=0.0239176
BFGS iter 523: f=0.0239159
BFGS iter 524: f=0.0239137
BFGS iter 525: f=0.0239115
BFGS iter 526: f=0.0239095
BFGS iter 527: f=0.0239079
BFGS iter 528: f=0.0239057
BFGS iter 529: f=0.0239037
BFGS iter 530: f=0.0239016
BFGS iter 531: f=0.0238994
BFGS iter 532: f=0.0238974
BFGS iter 533: f=0.0238955
BFGS iter 534: f=0.0238936
BFGS iter 535: f=0.0238918
BFGS iter 536: f=0.0238899
BFGS iter 537: f=0.0238881
BFGS iter 538: f=0.0238864
BFGS iter 539: f=0.0238846
BFGS iter 540: f=0.0238831
BFGS iter 541: f=0.0238819
BFGS iter 542: f=0.0238807
BFGS iter 543: f=0.0238799
BFGS iter 544: f=0.0238789
BFGS iter 545: f=0.0238775
BFGS iter 546: f=0.0238764
BFGS iter 547: f=0.0238753
BFGS iter 548: f=0.0238743
BFGS iter 549: f=0.0238731
BFGS iter 550: f=0.0237971
BFGS iter 551: f=0.0237843
BFGS iter 552: f=0.0237802
BFGS iter 553: f=0.0237766
BFGS iter 554: f=0.0237749
BFGS iter 555: f=0.0237729
BFGS iter 556: f=0.0237714
BFGS iter 557: f=0.0237703
BFGS iter 558: f=0.0237693
BFGS iter 559: f=0.0237682
BFGS iter 560: f=0.0237669
BFGS iter 561: f=0.0237657
BFGS iter 562: f=0.0237644
BFGS iter 563: f=0.023763
BFGS iter 564: f=0.0237619
BFGS iter 565: f=0.023761
BFGS iter 566: f=0.02376
BFGS iter 567: f=0.0237589
BFGS iter 568: f=0.0237579
BFGS iter 569: f=0.0237568
BFGS iter 570: f=0.0237557
BFGS iter 571: f=0.0237547
BFGS iter 572: f=0.0237537
BFGS iter 573: f=0.0237526
BFGS iter 574: f=0.0237516
BFGS iter 575: f=0.0237506
BFGS iter 576: f=0.0237495
BFGS iter 577: f=0.0237484
BFGS iter 578: f=0.0237476
BFGS iter 579: f=0.0237469
BFGS iter 580: f=0.0237461
BFGS iter 581: f=0.0237451
BFGS iter 582: f=0.0237443
BFGS iter 583: f=0.0237431
BFGS iter 584: f=0.0237421
BFGS iter 585: f=0.0237412
BFGS iter 586: f=0.0237402
BFGS iter 587: f=0.0237393
BFGS iter 588: f=0.0237382
BFGS iter 589: f=0.0237371
BFGS iter 590: f=0.0237362
BFGS iter 591: f=0.0237351
BFGS iter 592: f=0.0237342
BFGS iter 593: f=0.0237331
BFGS iter 594: f=0.0237321
BFGS iter 595: f=0.0237311
BFGS iter 596: f=0.0237299
BFGS iter 597: f=0.0237285
BFGS iter 598: f=0.0237274
BFGS iter 599: f=0.0237259
BFGS iter 600: f=0.0236635
BFGS iter 601: f=0.0236535
BFGS iter 602: f=0.0236494
BFGS iter 603: f=0.0236467
BFGS iter 604: f=0.023645
BFGS iter 605: f=0.0236434
BFGS iter 606: f=0.0236418
BFGS iter 607: f=0.0236406
BFGS iter 608: f=0.0236392
BFGS iter 609: f=0.0236374
BFGS iter 610: f=0.0236361
BFGS iter 611: f=0.0236352
BFGS iter 612: f=0.0236339
BFGS iter 613: f=0.0236329
BFGS iter 614: f=0.0236314
BFGS iter 615: f=0.0236302
BFGS iter 616: f=0.0236291
BFGS iter 617: f=0.023628
BFGS iter 618: f=0.0236269
BFGS iter 619: f=0.0236259
BFGS iter 620: f=0.023625
BFGS iter 621: f=0.0236239
BFGS iter 622: f=0.0236228
BFGS iter 623: f=0.0236217
BFGS iter 624: f=0.0236208
BFGS iter 625: f=0.0236199
BFGS iter 626: f=0.023619
BFGS iter 627: f=0.0236176
BFGS iter 628: f=0.0236165
BFGS iter 629: f=0.0236156
BFGS iter 630: f=0.0236149
BFGS iter 631: f=0.023614
BFGS iter 632: f=0.0236129
BFGS iter 633: f=0.0236121
BFGS iter 634: f=0.0236112
BFGS iter 635: f=0.0236104
BFGS iter 636: f=0.023609
BFGS iter 637: f=0.0236081
BFGS iter 638: f=0.0236069
BFGS iter 639: f=0.0236058
BFGS iter 640: f=0.0236047
BFGS iter 641: f=0.0236037
BFGS iter 642: f=0.0236025
BFGS iter 643: f=0.0236017
BFGS iter 644: f=0.0236007
BFGS iter 645: f=0.0235997
BFGS iter 646: f=0.0235987
BFGS iter 647: f=0.0235977
BFGS iter 648: f=0.0235966
BFGS iter 649: f=0.0235955
BFGS iter 650: f=0.0235489
BFGS iter 651: f=0.0235363
BFGS iter 652: f=0.0235304
BFGS iter 653: f=0.023527
BFGS iter 654: f=0.0235252
BFGS iter 655: f=0.0235236
BFGS iter 656: f=0.0235221
BFGS iter 657: f=0.0235209
BFGS iter 658: f=0.0235199
BFGS iter 659: f=0.0235188
BFGS iter 660: f=0.0235177
BFGS iter 661: f=0.0235161
BFGS iter 662: f=0.0235149
BFGS iter 663: f=0.0235139
BFGS iter 664: f=0.0235128
BFGS iter 665: f=0.0235117
BFGS iter 666: f=0.0235103
BFGS iter 667: f=0.023509
BFGS iter 668: f=0.0235079
BFGS iter 669: f=0.0235069
BFGS iter 670: f=0.0235057
BFGS iter 671: f=0.0235049
BFGS iter 672: f=0.0235039
BFGS iter 673: f=0.0235029
BFGS iter 674: f=0.023502
BFGS iter 675: f=0.023501
BFGS iter 676: f=0.0235001
BFGS iter 677: f=0.0234993
BFGS iter 678: f=0.0234985
BFGS iter 679: f=0.0234978
BFGS iter 680: f=0.0234969
BFGS iter 681: f=0.0234959
BFGS iter 682: f=0.0234947
BFGS iter 683: f=0.0234935
BFGS iter 684: f=0.0234924
BFGS iter 685: f=0.0234914
BFGS iter 686: f=0.0234902
BFGS iter 687: f=0.023489
BFGS iter 688: f=0.0234881
BFGS iter 689: f=0.0234872
BFGS iter 690: f=0.0234861
BFGS iter 691: f=0.0234851
BFGS iter 692: f=0.023484
BFGS iter 693: f=0.0234831
BFGS iter 694: f=0.0234817
BFGS iter 695: f=0.0234807
BFGS iter 696: f=0.0234795
BFGS iter 697: f=0.023478
BFGS iter 698: f=0.0234767
BFGS iter 699: f=0.0234757
BFGS iter 700: f=0.0234262
BFGS iter 701: f=0.0234135
BFGS iter 702: f=0.0234074
BFGS iter 703: f=0.023404
BFGS iter 704: f=0.0234016
BFGS iter 705: f=0.0234001
BFGS iter 706: f=0.0233988
BFGS iter 707: f=0.0233978
BFGS iter 708: f=0.0233967
BFGS iter 709: f=0.0233956
BFGS iter 710: f=0.0233944
BFGS iter 711: f=0.0233934
BFGS iter 712: f=0.0233926
BFGS iter 713: f=0.0233917
BFGS iter 714: f=0.0233907
BFGS iter 715: f=0.0233899
BFGS iter 716: f=0.023389
BFGS iter 717: f=0.0233882
BFGS iter 718: f=0.0233872
BFGS iter 719: f=0.023386
BFGS iter 720: f=0.0233852
BFGS iter 721: f=0.0233841
BFGS iter 722: f=0.0233832
BFGS iter 723: f=0.0233822
BFGS iter 724: f=0.0233808
BFGS iter 725: f=0.0233797
BFGS iter 726: f=0.0233786
BFGS iter 727: f=0.0233775
BFGS iter 728: f=0.0233764
BFGS iter 729: f=0.0233754
BFGS iter 730: f=0.0233743
BFGS iter 731: f=0.0233734
BFGS iter 732: f=0.0233726
BFGS iter 733: f=0.0233717
BFGS iter 734: f=0.0233709
BFGS iter 735: f=0.0233702
BFGS iter 736: f=0.0233696
BFGS iter 737: f=0.0233686
BFGS iter 738: f=0.023368
BFGS iter 739: f=0.0233674
BFGS iter 740: f=0.0233666
BFGS iter 741: f=0.0233658
BFGS iter 742: f=0.0233651
BFGS iter 743: f=0.0233645
BFGS iter 744: f=0.0233636
BFGS iter 745: f=0.0233628
BFGS iter 746: f=0.0233618
BFGS iter 747: f=0.023361
BFGS iter 748: f=0.0233604
BFGS iter 749: f=0.0233598
BFGS iter 750: f=0.0233145
BFGS iter 751: f=0.0233065
BFGS iter 752: f=0.0233012
BFGS iter 753: f=0.023298
BFGS iter 754: f=0.0232959
BFGS iter 755: f=0.0232944
BFGS iter 756: f=0.0232934
BFGS iter 757: f=0.0232925
BFGS iter 758: f=0.0232919
BFGS iter 759: f=0.0232913
BFGS iter 760: f=0.0232905
BFGS iter 761: f=0.0232894
BFGS iter 762: f=0.0232885
BFGS iter 763: f=0.0232876
BFGS iter 764: f=0.0232866
BFGS iter 765: f=0.0232854
BFGS iter 766: f=0.0232843
BFGS iter 767: f=0.0232836
BFGS iter 768: f=0.0232827
BFGS iter 769: f=0.0232821
BFGS iter 770: f=0.0232815
BFGS iter 771: f=0.0232808
BFGS iter 772: f=0.0232802
BFGS iter 773: f=0.0232795
BFGS iter 774: f=0.0232787
BFGS iter 775: f=0.023278
BFGS iter 776: f=0.0232772
BFGS iter 777: f=0.0232765
BFGS iter 778: f=0.0232758
BFGS iter 779: f=0.0232752
BFGS iter 780: f=0.0232745
BFGS iter 781: f=0.0232738
BFGS iter 782: f=0.0232732
BFGS iter 783: f=0.0232724
BFGS iter 784: f=0.0232716
BFGS iter 785: f=0.0232708
BFGS iter 786: f=0.0232699
BFGS iter 787: f=0.0232693
BFGS iter 788: f=0.0232687
BFGS iter 789: f=0.023268
BFGS iter 790: f=0.0232675
BFGS iter 791: f=0.0232669
BFGS iter 792: f=0.0232665
BFGS iter 793: f=0.0232659
BFGS iter 794: f=0.0232654
BFGS iter 795: f=0.0232648
BFGS iter 796: f=0.0232641
BFGS iter 797: f=0.0232632
BFGS iter 798: f=0.0232627
BFGS iter 799: f=0.023262
BFGS iter 800: f=0.0232174
BFGS iter 801: f=0.0232128
BFGS iter 802: f=0.0232095
BFGS iter 803: f=0.0232071
BFGS iter 804: f=0.0232058
BFGS iter 805: f=0.0232047
BFGS iter 806: f=0.023204
BFGS iter 807: f=0.0232033
BFGS iter 808: f=0.0232026
BFGS iter 809: f=0.0232018
BFGS iter 810: f=0.0232009
BFGS iter 811: f=0.0232001
BFGS iter 812: f=0.0231993
BFGS iter 813: f=0.0231986
BFGS iter 814: f=0.0231981
BFGS iter 815: f=0.0231972
BFGS iter 816: f=0.0231965
BFGS iter 817: f=0.0231957
BFGS iter 818: f=0.0231949
BFGS iter 819: f=0.0231942
BFGS iter 820: f=0.0231935
BFGS iter 821: f=0.0231927
BFGS iter 822: f=0.0231919
BFGS iter 823: f=0.0231912
BFGS iter 824: f=0.0231905
BFGS iter 825: f=0.0231896
BFGS iter 826: f=0.0231888
BFGS iter 827: f=0.0231878
BFGS iter 828: f=0.0231869
BFGS iter 829: f=0.0231861
BFGS iter 830: f=0.023185
BFGS iter 831: f=0.0231843
BFGS iter 832: f=0.0231834
BFGS iter 833: f=0.0231826
BFGS iter 834: f=0.0231819
BFGS iter 835: f=0.0231806
BFGS iter 836: f=0.0231793
BFGS iter 837: f=0.0231782
BFGS iter 838: f=0.0231773
BFGS iter 839: f=0.0231759
BFGS iter 840: f=0.0231751
BFGS iter 841: f=0.0231739
BFGS iter 842: f=0.0231728
BFGS iter 843: f=0.0231719
BFGS iter 844: f=0.0231708
BFGS iter 845: f=0.0231695
BFGS iter 846: f=0.0231685
BFGS iter 847: f=0.0231672
BFGS iter 848: f=0.0231662
BFGS iter 849: f=0.0231651
BFGS iter 850: f=0.0231222
BFGS iter 851: f=0.0231155
BFGS iter 852: f=0.0231119
BFGS iter 853: f=0.0231094
BFGS iter 854: f=0.0231081
BFGS iter 855: f=0.0231068
BFGS iter 856: f=0.0231056
BFGS iter 857: f=0.0231046
BFGS iter 858: f=0.0231037
BFGS iter 859: f=0.0231027
BFGS iter 860: f=0.0231017
BFGS iter 861: f=0.0231004
BFGS iter 862: f=0.0230993
BFGS iter 863: f=0.0230984
BFGS iter 864: f=0.0230971
BFGS iter 865: f=0.023096
BFGS iter 866: f=0.0230947
BFGS iter 867: f=0.0230935
BFGS iter 868: f=0.0230921
BFGS iter 869: f=0.0230909
BFGS iter 870: f=0.0230897
BFGS iter 871: f=0.0230884
BFGS iter 872: f=0.0230872
BFGS iter 873: f=0.023086
BFGS iter 874: f=0.0230844
BFGS iter 875: f=0.0230831
BFGS iter 876: f=0.0230815
BFGS iter 877: f=0.0230798
BFGS iter 878: f=0.0230786
BFGS iter 879: f=0.0230774
BFGS iter 880: f=0.023076
BFGS iter 881: f=0.0230747
BFGS iter 882: f=0.0230733
BFGS iter 883: f=0.0230717
BFGS iter 884: f=0.0230693
BFGS iter 885: f=0.0230679
BFGS iter 886: f=0.0230666
BFGS iter 887: f=0.0230652
BFGS iter 888: f=0.0230638
BFGS iter 889: f=0.0230626
BFGS iter 890: f=0.0230613
BFGS iter 891: f=0.0230595
BFGS iter 892: f=0.023058
BFGS iter 893: f=0.0230564
BFGS iter 894: f=0.0230548
BFGS iter 895: f=0.0230535
BFGS iter 896: f=0.0230523
BFGS iter 897: f=0.0230512
BFGS iter 898: f=0.0230499
BFGS iter 899: f=0.0230484
BFGS iter 900: f=0.0230023
BFGS iter 901: f=0.0229951
BFGS iter 902: f=0.0229911
BFGS iter 903: f=0.0229867
BFGS iter 904: f=0.0229848
BFGS iter 905: f=0.0229829
BFGS iter 906: f=0.0229818
BFGS iter 907: f=0.0229806
BFGS iter 908: f=0.0229791
BFGS iter 909: f=0.0229774
BFGS iter 910: f=0.0229759
BFGS iter 911: f=0.0229745
BFGS iter 912: f=0.0229734
BFGS iter 913: f=0.0229724
BFGS iter 914: f=0.0229714
BFGS iter 915: f=0.0229701
BFGS iter 916: f=0.0229688
BFGS iter 917: f=0.0229674
BFGS iter 918: f=0.0229661
BFGS iter 919: f=0.0229649
BFGS iter 920: f=0.022964
BFGS iter 921: f=0.0229629
BFGS iter 922: f=0.0229618
BFGS iter 923: f=0.0229606
BFGS iter 924: f=0.0229593
BFGS iter 925: f=0.022958
BFGS iter 926: f=0.0229568
BFGS iter 927: f=0.0229552
BFGS iter 928: f=0.0229536
BFGS iter 929: f=0.0229522
BFGS iter 930: f=0.0229511
BFGS iter 931: f=0.0229501
BFGS iter 932: f=0.0229489
BFGS iter 933: f=0.022948
BFGS iter 934: f=0.0229468
BFGS iter 935: f=0.0229458
BFGS iter 936: f=0.0229446
BFGS iter 937: f=0.0229436
BFGS iter 938: f=0.0229426
BFGS iter 939: f=0.0229416
BFGS iter 940: f=0.0229407
BFGS iter 941: f=0.0229398
BFGS iter 942: f=0.0229387
BFGS iter 943: f=0.0229377
BFGS iter 944: f=0.0229366
BFGS iter 945: f=0.0229353
BFGS iter 946: f=0.0229342
BFGS iter 947: f=0.0229332
BFGS iter 948: f=0.0229319
BFGS iter 949: f=0.0229308
BFGS iter 950: f=0.0228792
BFGS iter 951: f=0.0228748
BFGS iter 952: f=0.0228711
BFGS iter 953: f=0.022869
BFGS iter 954: f=0.0228676
BFGS iter 955: f=0.0228664
BFGS iter 956: f=0.0228653
BFGS iter 957: f=0.0228642
BFGS iter 958: f=0.0228628
BFGS iter 959: f=0.0228616
BFGS iter 960: f=0.0228602
BFGS iter 961: f=0.022859
BFGS iter 962: f=0.0228573
BFGS iter 963: f=0.0228562
BFGS iter 964: f=0.0228549
BFGS iter 965: f=0.0228539
BFGS iter 966: f=0.0228529
BFGS iter 967: f=0.022852
BFGS iter 968: f=0.0228511
BFGS iter 969: f=0.02285
BFGS iter 970: f=0.0228486
BFGS iter 971: f=0.0228475
BFGS iter 972: f=0.0228461
BFGS iter 973: f=0.0228449
BFGS iter 974: f=0.022844
BFGS iter 975: f=0.0228429
BFGS iter 976: f=0.0228419
BFGS iter 977: f=0.0228404
BFGS iter 978: f=0.0228393
BFGS iter 979: f=0.0228385
BFGS iter 980: f=0.0228377
BFGS iter 981: f=0.0228368
BFGS iter 982: f=0.0228357
BFGS iter 983: f=0.0228348
BFGS iter 984: f=0.0228337
BFGS iter 985: f=0.0228329
BFGS iter 986: f=0.0228322
BFGS iter 987: f=0.0228316
BFGS iter 988: f=0.0228308
BFGS iter 989: f=0.0228299
BFGS iter 990: f=0.0228291
BFGS iter 991: f=0.0228283
BFGS iter 992: f=0.0228273
BFGS iter 993: f=0.0228261
BFGS iter 994: f=0.0228251
BFGS iter 995: f=0.0228242
BFGS iter 996: f=0.0228229
BFGS iter 997: f=0.0228218
BFGS iter 998: f=0.0228204
BFGS iter 999: f=0.0228194
BFGS iter 1000: f=0.0227643
BFGS iter 1001: f=0.0227586
BFGS iter 1002: f=0.0227553
BFGS iter 1003: f=0.0227536
BFGS iter 1004: f=0.0227526
BFGS iter 1005: f=0.0227519
BFGS iter 1006: f=0.0227512
BFGS iter 1007: f=0.0227503
BFGS iter 1008: f=0.0227494
BFGS iter 1009: f=0.0227482
BFGS iter 1010: f=0.0227473
BFGS iter 1011: f=0.0227463
BFGS iter 1012: f=0.0227453
BFGS iter 1013: f=0.0227445
BFGS iter 1014: f=0.0227435
BFGS iter 1015: f=0.0227424
BFGS iter 1016: f=0.0227412
BFGS iter 1017: f=0.0227403
BFGS iter 1018: f=0.0227393
BFGS iter 1019: f=0.0227383
BFGS iter 1020: f=0.0227374
BFGS iter 1021: f=0.0227365
BFGS iter 1022: f=0.0227356
BFGS iter 1023: f=0.0227348
BFGS iter 1024: f=0.022734
BFGS iter 1025: f=0.0227332
BFGS iter 1026: f=0.0227325
BFGS iter 1027: f=0.0227317
BFGS iter 1028: f=0.0227307
BFGS iter 1029: f=0.02273
BFGS iter 1030: f=0.0227294
BFGS iter 1031: f=0.0227284
BFGS iter 1032: f=0.0227275
BFGS iter 1033: f=0.0227269
BFGS iter 1034: f=0.0227262
BFGS iter 1035: f=0.0227254
BFGS iter 1036: f=0.0227244
BFGS iter 1037: f=0.0227237
BFGS iter 1038: f=0.022723
BFGS iter 1039: f=0.0227223
BFGS iter 1040: f=0.0227215
BFGS iter 1041: f=0.0227206
BFGS iter 1042: f=0.0227199
BFGS iter 1043: f=0.0227194
BFGS iter 1044: f=0.0227185
BFGS iter 1045: f=0.0227176
BFGS iter 1046: f=0.0227169
BFGS iter 1047: f=0.0227161
BFGS iter 1048: f=0.0227155
BFGS iter 1049: f=0.0227144
BFGS iter 1050: f=0.0226756
BFGS iter 1051: f=0.0226654
BFGS iter 1052: f=0.0226614
BFGS iter 1053: f=0.0226592
BFGS iter 1054: f=0.0226575
BFGS iter 1055: f=0.0226562
BFGS iter 1056: f=0.0226548
BFGS iter 1057: f=0.0226537
BFGS iter 1058: f=0.0226526
BFGS iter 1059: f=0.0226516
BFGS iter 1060: f=0.0226506
BFGS iter 1061: f=0.0226499
BFGS iter 1062: f=0.0226492
BFGS iter 1063: f=0.0226485
BFGS iter 1064: f=0.0226477
BFGS iter 1065: f=0.022647
BFGS iter 1066: f=0.0226462
BFGS iter 1067: f=0.0226453
BFGS iter 1068: f=0.0226446
BFGS iter 1069: f=0.022644
BFGS iter 1070: f=0.0226435
BFGS iter 1071: f=0.0226428
BFGS iter 1072: f=0.0226422
BFGS iter 1073: f=0.0226417
BFGS iter 1074: f=0.0226411
BFGS iter 1075: f=0.0226405
BFGS iter 1076: f=0.0226398
BFGS iter 1077: f=0.0226393
BFGS iter 1078: f=0.0226388
BFGS iter 1079: f=0.022638
BFGS iter 1080: f=0.0226372
BFGS iter 1081: f=0.0226367
BFGS iter 1082: f=0.0226363
BFGS iter 1083: f=0.0226357
BFGS iter 1084: f=0.0226351
BFGS iter 1085: f=0.0226346
BFGS iter 1086: f=0.0226341
BFGS iter 1087: f=0.0226334
BFGS iter 1088: f=0.0226328
BFGS iter 1089: f=0.0226322
BFGS iter 1090: f=0.0226317
BFGS iter 1091: f=0.0226311
BFGS iter 1092: f=0.0226306
BFGS iter 1093: f=0.0226301
BFGS iter 1094: f=0.0226297
BFGS iter 1095: f=0.0226291
BFGS iter 1096: f=0.0226286
BFGS iter 1097: f=0.0226282
BFGS iter 1098: f=0.0226276
BFGS iter 1099: f=0.022627
BFGS iter 1100: f=0.0225921
BFGS iter 1101: f=0.022582
BFGS iter 1102: f=0.0225781
BFGS iter 1103: f=0.0225756
BFGS iter 1104: f=0.0225742
BFGS iter 1105: f=0.0225733
BFGS iter 1106: f=0.0225724
BFGS iter 1107: f=0.0225714
BFGS iter 1108: f=0.0225703
BFGS iter 1109: f=0.0225696
BFGS iter 1110: f=0.0225688
BFGS iter 1111: f=0.0225683
BFGS iter 1112: f=0.0225677
BFGS iter 1113: f=0.0225671
BFGS iter 1114: f=0.0225663
BFGS iter 1115: f=0.0225656
BFGS iter 1116: f=0.022565
BFGS iter 1117: f=0.0225644
BFGS iter 1118: f=0.0225638
BFGS iter 1119: f=0.0225633
BFGS iter 1120: f=0.0225628
BFGS iter 1121: f=0.0225624
BFGS iter 1122: f=0.022562
BFGS iter 1123: f=0.0225616
BFGS iter 1124: f=0.0225612
BFGS iter 1125: f=0.0225609
BFGS iter 1126: f=0.0225605
BFGS iter 1127: f=0.02256
BFGS iter 1128: f=0.0225595
BFGS iter 1129: f=0.0225589
BFGS iter 1130: f=0.0225585
BFGS iter 1131: f=0.0225581
BFGS iter 1132: f=0.0225576
BFGS iter 1133: f=0.022557
BFGS iter 1134: f=0.0225565
BFGS iter 1135: f=0.022556
BFGS iter 1136: f=0.0225553
BFGS iter 1137: f=0.0225546
BFGS iter 1138: f=0.0225541
BFGS iter 1139: f=0.0225536
BFGS iter 1140: f=0.0225531
BFGS iter 1141: f=0.0225525
BFGS iter 1142: f=0.022552
BFGS iter 1143: f=0.0225516
BFGS iter 1144: f=0.0225511
BFGS iter 1145: f=0.0225506
BFGS iter 1146: f=0.0225501
BFGS iter 1147: f=0.0225497
BFGS iter 1148: f=0.0225492
BFGS iter 1149: f=0.0225488
BFGS iter 1150: f=0.0225113
BFGS iter 1151: f=0.0225043
BFGS iter 1152: f=0.0225023
BFGS iter 1153: f=0.0225011
BFGS iter 1154: f=0.0225003
BFGS iter 1155: f=0.0224997
BFGS iter 1156: f=0.0224992
BFGS iter 1157: f=0.0224988
BFGS iter 1158: f=0.0224984
BFGS iter 1159: f=0.022498
BFGS iter 1160: f=0.0224975
BFGS iter 1161: f=0.0224971
BFGS iter 1162: f=0.0224967
BFGS iter 1163: f=0.0224963
BFGS iter 1164: f=0.0224959
BFGS iter 1165: f=0.0224954
BFGS iter 1166: f=0.0224948
BFGS iter 1167: f=0.0224943
BFGS iter 1168: f=0.0224938
BFGS iter 1169: f=0.0224934
BFGS iter 1170: f=0.0224929
BFGS iter 1171: f=0.0224925
BFGS iter 1172: f=0.0224921
BFGS iter 1173: f=0.0224917
BFGS iter 1174: f=0.0224913
BFGS iter 1175: f=0.0224909
BFGS iter 1176: f=0.0224906
BFGS iter 1177: f=0.0224901
BFGS iter 1178: f=0.0224897
BFGS iter 1179: f=0.0224893
BFGS iter 1180: f=0.0224889
BFGS iter 1181: f=0.0224885
BFGS iter 1182: f=0.0224882
BFGS iter 1183: f=0.0224878
BFGS iter 1184: f=0.0224874
BFGS iter 1185: f=0.022487
BFGS iter 1186: f=0.0224865
BFGS iter 1187: f=0.0224861
BFGS iter 1188: f=0.0224858
BFGS iter 1189: f=0.0224854
BFGS iter 1190: f=0.022485
BFGS iter 1191: f=0.0224846
BFGS iter 1192: f=0.0224842
BFGS iter 1193: f=0.0224839
BFGS iter 1194: f=0.0224835
BFGS iter 1195: f=0.0224831
BFGS iter 1196: f=0.0224828
BFGS iter 1197: f=0.0224824
BFGS iter 1198: f=0.022482
BFGS iter 1199: f=0.0224815
BFGS iter 1200: f=0.0224444
BFGS iter 1201: f=0.0224409
BFGS iter 1202: f=0.0224392
BFGS iter 1203: f=0.0224384
BFGS iter 1204: f=0.022438
BFGS iter 1205: f=0.0224376
BFGS iter 1206: f=0.0224372
BFGS iter 1207: f=0.0224365
BFGS iter 1208: f=0.0224359
BFGS iter 1209: f=0.0224354
BFGS iter 1210: f=0.0224348
BFGS iter 1211: f=0.0224344
BFGS iter 1212: f=0.0224338
BFGS iter 1213: f=0.0224333
BFGS iter 1214: f=0.0224328
BFGS iter 1215: f=0.0224323
BFGS iter 1216: f=0.0224318
BFGS iter 1217: f=0.0224313
BFGS iter 1218: f=0.0224308
BFGS iter 1219: f=0.0224303
BFGS iter 1220: f=0.0224299
BFGS iter 1221: f=0.0224295
BFGS iter 1222: f=0.022429
BFGS iter 1223: f=0.0224287
BFGS iter 1224: f=0.0224283
BFGS iter 1225: f=0.022428
BFGS iter 1226: f=0.0224276
BFGS iter 1227: f=0.0224273
BFGS iter 1228: f=0.022427
BFGS iter 1229: f=0.0224266
BFGS iter 1230: f=0.0224263
BFGS iter 1231: f=0.022426
BFGS iter 1232: f=0.0224257
BFGS iter 1233: f=0.0224254
BFGS iter 1234: f=0.022425
BFGS iter 1235: f=0.0224247
BFGS iter 1236: f=0.0224243
BFGS iter 1237: f=0.022424
BFGS iter 1238: f=0.0224237
BFGS iter 1239: f=0.0224234
BFGS iter 1240: f=0.0224231
BFGS iter 1241: f=0.0224228
BFGS iter 1242: f=0.0224225
BFGS iter 1243: f=0.0224223
BFGS iter 1244: f=0.0224219
BFGS iter 1245: f=0.0224216
BFGS iter 1246: f=0.0224212
BFGS iter 1247: f=0.0224209
BFGS iter 1248: f=0.0224205
BFGS iter 1249: f=0.0224202
BFGS iter 1250: f=0.0223855
BFGS iter 1251: f=0.0223826
BFGS iter 1252: f=0.0223812
BFGS iter 1253: f=0.0223804
BFGS iter 1254: f=0.0223799
BFGS iter 1255: f=0.0223795
BFGS iter 1256: f=0.022379
BFGS iter 1257: f=0.0223785
BFGS iter 1258: f=0.0223781
BFGS iter 1259: f=0.0223777
BFGS iter 1260: f=0.0223774
BFGS iter 1261: f=0.0223769
BFGS iter 1262: f=0.0223765
BFGS iter 1263: f=0.0223762
BFGS iter 1264: f=0.0223759
BFGS iter 1265: f=0.0223756
BFGS iter 1266: f=0.0223753
BFGS iter 1267: f=0.0223749
BFGS iter 1268: f=0.0223743
BFGS iter 1269: f=0.0223738
BFGS iter 1270: f=0.0223734
BFGS iter 1271: f=0.022373
BFGS iter 1272: f=0.0223725
BFGS iter 1273: f=0.0223721
BFGS iter 1274: f=0.0223718
BFGS iter 1275: f=0.0223712
BFGS iter 1276: f=0.0223707
BFGS iter 1277: f=0.0223704
BFGS iter 1278: f=0.0223699
BFGS iter 1279: f=0.0223693
BFGS iter 1280: f=0.022369
BFGS iter 1281: f=0.0223687
BFGS iter 1282: f=0.0223683
BFGS iter 1283: f=0.0223679
BFGS iter 1284: f=0.0223675
BFGS iter 1285: f=0.0223672
BFGS iter 1286: f=0.0223669
BFGS iter 1287: f=0.0223665
BFGS iter 1288: f=0.0223662
BFGS iter 1289: f=0.0223658
BFGS iter 1290: f=0.0223655
BFGS iter 1291: f=0.0223651
BFGS iter 1292: f=0.0223648
BFGS iter 1293: f=0.0223644
BFGS iter 1294: f=0.022364
BFGS iter 1295: f=0.0223636
BFGS iter 1296: f=0.0223632
BFGS iter 1297: f=0.0223628
BFGS iter 1298: f=0.0223625
BFGS iter 1299: f=0.022362
BFGS iter 1300: f=0.022328
BFGS iter 1301: f=0.0223245
BFGS iter 1302: f=0.0223229
BFGS iter 1303: f=0.0223219
BFGS iter 1304: f=0.0223213
BFGS iter 1305: f=0.0223209
BFGS iter 1306: f=0.0223205
BFGS iter 1307: f=0.02232
BFGS iter 1308: f=0.0223196
BFGS iter 1309: f=0.0223192
BFGS iter 1310: f=0.0223188
BFGS iter 1311: f=0.0223184
BFGS iter 1312: f=0.0223179
BFGS iter 1313: f=0.0223176
BFGS iter 1314: f=0.0223173
BFGS iter 1315: f=0.0223169
BFGS iter 1316: f=0.0223165
BFGS iter 1317: f=0.022316
BFGS iter 1318: f=0.0223156
BFGS iter 1319: f=0.0223153
BFGS iter 1320: f=0.0223147
BFGS iter 1321: f=0.0223143
BFGS iter 1322: f=0.0223138
BFGS iter 1323: f=0.0223134
BFGS iter 1324: f=0.0223129
BFGS iter 1325: f=0.0223125
BFGS iter 1326: f=0.022312
BFGS iter 1327: f=0.0223117
BFGS iter 1328: f=0.0223113
BFGS iter 1329: f=0.022311
BFGS iter 1330: f=0.0223108
BFGS iter 1331: f=0.0223103
BFGS iter 1332: f=0.0223099
BFGS iter 1333: f=0.0223095
BFGS iter 1334: f=0.0223091
BFGS iter 1335: f=0.0223088
BFGS iter 1336: f=0.0223084
BFGS iter 1337: f=0.0223081
BFGS iter 1338: f=0.0223077
BFGS iter 1339: f=0.0223075
BFGS iter 1340: f=0.0223072
BFGS iter 1341: f=0.0223069
BFGS iter 1342: f=0.0223067
BFGS iter 1343: f=0.0223064
BFGS iter 1344: f=0.0223061
BFGS iter 1345: f=0.0223059
BFGS iter 1346: f=0.0223056
BFGS iter 1347: f=0.0223053
BFGS iter 1348: f=0.022305
BFGS iter 1349: f=0.0223046
BFGS iter 1350: f=0.0222718
BFGS iter 1351: f=0.0222677
BFGS iter 1352: f=0.0222661
BFGS iter 1353: f=0.0222652
BFGS iter 1354: f=0.0222647
BFGS iter 1355: f=0.0222641
BFGS iter 1356: f=0.0222636
BFGS iter 1357: f=0.0222631
BFGS iter 1358: f=0.0222626
BFGS iter 1359: f=0.0222623
BFGS iter 1360: f=0.0222617
BFGS iter 1361: f=0.0222613
BFGS iter 1362: f=0.0222608
BFGS iter 1363: f=0.0222604
BFGS iter 1364: f=0.02226
BFGS iter 1365: f=0.0222596
BFGS iter 1366: f=0.0222592
BFGS iter 1367: f=0.0222587
BFGS iter 1368: f=0.0222583
BFGS iter 1369: f=0.0222579
BFGS iter 1370: f=0.0222575
BFGS iter 1371: f=0.0222571
BFGS iter 1372: f=0.0222567
BFGS iter 1373: f=0.0222563
BFGS iter 1374: f=0.0222559
BFGS iter 1375: f=0.0222556
BFGS iter 1376: f=0.0222551
BFGS iter 1377: f=0.0222547
BFGS iter 1378: f=0.0222544
BFGS iter 1379: f=0.022254
BFGS iter 1380: f=0.0222536
BFGS iter 1381: f=0.0222532
BFGS iter 1382: f=0.0222528
BFGS iter 1383: f=0.0222523
BFGS iter 1384: f=0.022252
BFGS iter 1385: f=0.0222516
BFGS iter 1386: f=0.0222513
BFGS iter 1387: f=0.0222511
BFGS iter 1388: f=0.0222508
BFGS iter 1389: f=0.0222505
BFGS iter 1390: f=0.0222502
BFGS iter 1391: f=0.0222499
BFGS iter 1392: f=0.0222497
BFGS iter 1393: f=0.0222494
BFGS iter 1394: f=0.0222491
BFGS iter 1395: f=0.0222489
BFGS iter 1396: f=0.0222486
BFGS iter 1397: f=0.0222484
BFGS iter 1398: f=0.0222481
BFGS iter 1399: f=0.0222478
BFGS iter 1400: f=0.0222214
BFGS iter 1401: f=0.0222127
BFGS iter 1402: f=0.0222102
BFGS iter 1403: f=0.0222092
BFGS iter 1404: f=0.0222087
BFGS iter 1405: f=0.0222081
BFGS iter 1406: f=0.0222072
BFGS iter 1407: f=0.0222066
BFGS iter 1408: f=0.0222059
BFGS iter 1409: f=0.0222054
BFGS iter 1410: f=0.022205
BFGS iter 1411: f=0.0222045
BFGS iter 1412: f=0.0222041
BFGS iter 1413: f=0.0222038
BFGS iter 1414: f=0.0222035
BFGS iter 1415: f=0.0222032
BFGS iter 1416: f=0.0222029
BFGS iter 1417: f=0.0222026
BFGS iter 1418: f=0.0222023
BFGS iter 1419: f=0.022202
BFGS iter 1420: f=0.0222017
BFGS iter 1421: f=0.0222014
BFGS iter 1422: f=0.0222011
BFGS iter 1423: f=0.0222008
BFGS iter 1424: f=0.0222005
BFGS iter 1425: f=0.0222003
BFGS iter 1426: f=0.0222
BFGS iter 1427: f=0.0221998
BFGS iter 1428: f=0.0221995
BFGS iter 1429: f=0.0221993
BFGS iter 1430: f=0.0221991
BFGS iter 1431: f=0.0221988
BFGS iter 1432: f=0.0221985
BFGS iter 1433: f=0.0221983
BFGS iter 1434: f=0.0221979
BFGS iter 1435: f=0.0221977
BFGS iter 1436: f=0.0221974
BFGS iter 1437: f=0.0221972
BFGS iter 1438: f=0.022197
BFGS iter 1439: f=0.0221967
BFGS iter 1440: f=0.0221964
BFGS iter 1441: f=0.0221961
BFGS iter 1442: f=0.0221959
BFGS iter 1443: f=0.0221957
BFGS iter 1444: f=0.0221955
BFGS iter 1445: f=0.0221952
BFGS iter 1446: f=0.022195
BFGS iter 1447: f=0.0221947
BFGS iter 1448: f=0.0221944
BFGS iter 1449: f=0.0221941
BFGS iter 1450: f=0.0221657
BFGS iter 1451: f=0.0221591
BFGS iter 1452: f=0.0221575
BFGS iter 1453: f=0.022157
BFGS iter 1454: f=0.0221564
BFGS iter 1455: f=0.0221559
BFGS iter 1456: f=0.0221553
BFGS iter 1457: f=0.0221549
BFGS iter 1458: f=0.0221546
BFGS iter 1459: f=0.0221542
BFGS iter 1460: f=0.0221537
BFGS iter 1461: f=0.0221534
BFGS iter 1462: f=0.022153
BFGS iter 1463: f=0.0221526
BFGS iter 1464: f=0.0221523
BFGS iter 1465: f=0.022152
BFGS iter 1466: f=0.0221517
BFGS iter 1467: f=0.0221514
BFGS iter 1468: f=0.0221511
BFGS iter 1469: f=0.0221508
BFGS iter 1470: f=0.0221505
BFGS iter 1471: f=0.0221502
BFGS iter 1472: f=0.0221499
BFGS iter 1473: f=0.0221496
BFGS iter 1474: f=0.0221494
BFGS iter 1475: f=0.0221492
BFGS iter 1476: f=0.0221489
BFGS iter 1477: f=0.0221487
BFGS iter 1478: f=0.0221484
BFGS iter 1479: f=0.022148
BFGS iter 1480: f=0.0221477
BFGS iter 1481: f=0.0221474
BFGS iter 1482: f=0.0221471
BFGS iter 1483: f=0.0221468
BFGS iter 1484: f=0.0221465
BFGS iter 1485: f=0.0221461
BFGS iter 1486: f=0.0221458
BFGS iter 1487: f=0.0221454
BFGS iter 1488: f=0.022145
BFGS iter 1489: f=0.0221447
BFGS iter 1490: f=0.0221443
BFGS iter 1491: f=0.0221439
BFGS iter 1492: f=0.0221435
BFGS iter 1493: f=0.0221431
BFGS iter 1494: f=0.0221428
BFGS iter 1495: f=0.0221424
BFGS iter 1496: f=0.022142
BFGS iter 1497: f=0.0221416
BFGS iter 1498: f=0.0221413
BFGS iter 1499: f=0.0221409
BFGS iter 1500: f=0.02212
BFGS iter 1501: f=0.022113
BFGS iter 1502: f=0.0221103
BFGS iter 1503: f=0.0221079
BFGS iter 1504: f=0.0221066
BFGS iter 1505: f=0.0221061
BFGS iter 1506: f=0.0221057
BFGS iter 1507: f=0.0221054
BFGS iter 1508: f=0.022105
BFGS iter 1509: f=0.0221046
BFGS iter 1510: f=0.0221043
BFGS iter 1511: f=0.0221041
BFGS iter 1512: f=0.0221039
BFGS iter 1513: f=0.0221034
BFGS iter 1514: f=0.022103
BFGS iter 1515: f=0.0221027
BFGS iter 1516: f=0.0221023
BFGS iter 1517: f=0.0221018
BFGS iter 1518: f=0.0221014
BFGS iter 1519: f=0.0221009
BFGS iter 1520: f=0.0221004
BFGS iter 1521: f=0.0221001
BFGS iter 1522: f=0.0220996
BFGS iter 1523: f=0.0220992
BFGS iter 1524: f=0.0220989
BFGS iter 1525: f=0.0220985
BFGS iter 1526: f=0.0220983
BFGS iter 1527: f=0.022098
BFGS iter 1528: f=0.0220977
BFGS iter 1529: f=0.0220974
BFGS iter 1530: f=0.0220972
BFGS iter 1531: f=0.0220969
BFGS iter 1532: f=0.0220965
BFGS iter 1533: f=0.0220961
BFGS iter 1534: f=0.0220958
BFGS iter 1535: f=0.0220955
BFGS iter 1536: f=0.0220952
BFGS iter 1537: f=0.022095
BFGS iter 1538: f=0.0220947
BFGS iter 1539: f=0.0220945
BFGS iter 1540: f=0.0220942
BFGS iter 1541: f=0.022094
BFGS iter 1542: f=0.0220936
BFGS iter 1543: f=0.0220933
BFGS iter 1544: f=0.0220931
BFGS iter 1545: f=0.0220928
BFGS iter 1546: f=0.0220926
BFGS iter 1547: f=0.0220924
BFGS iter 1548: f=0.0220921
BFGS iter 1549: f=0.0220919
BFGS iter 1550: f=0.0220715
BFGS iter 1551: f=0.0220672
BFGS iter 1552: f=0.0220634
BFGS iter 1553: f=0.0220614
BFGS iter 1554: f=0.0220603
BFGS iter 1555: f=0.0220596
BFGS iter 1556: f=0.0220592
BFGS iter 1557: f=0.0220589
BFGS iter 1558: f=0.0220587
BFGS iter 1559: f=0.0220584
BFGS iter 1560: f=0.0220582
BFGS iter 1561: f=0.022058
BFGS iter 1562: f=0.0220578
BFGS iter 1563: f=0.0220576
BFGS iter 1564: f=0.0220573
BFGS iter 1565: f=0.022057
BFGS iter 1566: f=0.0220567
BFGS iter 1567: f=0.0220564
BFGS iter 1568: f=0.0220562
BFGS iter 1569: f=0.0220559
BFGS iter 1570: f=0.0220556
BFGS iter 1571: f=0.0220553
BFGS iter 1572: f=0.0220551
BFGS iter 1573: f=0.0220549
BFGS iter 1574: f=0.0220548
BFGS iter 1575: f=0.0220546
BFGS iter 1576: f=0.0220544
BFGS iter 1577: f=0.0220542
BFGS iter 1578: f=0.022054
BFGS iter 1579: f=0.0220539
BFGS iter 1580: f=0.0220537
BFGS iter 1581: f=0.0220536
BFGS iter 1582: f=0.0220534
BFGS iter 1583: f=0.0220532
BFGS iter 1584: f=0.022053
BFGS iter 1585: f=0.0220528
BFGS iter 1586: f=0.0220527
BFGS iter 1587: f=0.0220525
BFGS iter 1588: f=0.0220524
BFGS iter 1589: f=0.0220522
BFGS iter 1590: f=0.0220521
BFGS iter 1591: f=0.022052
BFGS iter 1592: f=0.0220518
BFGS iter 1593: f=0.0220517
BFGS iter 1594: f=0.0220516
BFGS iter 1595: f=0.0220514
BFGS iter 1596: f=0.0220512
BFGS iter 1597: f=0.0220511
BFGS iter 1598: f=0.0220509
BFGS iter 1599: f=0.0220507
BFGS ended due to small decr. in 50 iterations
MTPR training ended
Rescaling...
   scaling = 0.112156654784615, condition number = 100.497702432526
   scaling = 0.122352714310489, condition number = 92.2605104543261
   scaling = 0.134587985741538, condition number = 83.0938168451737
   scaling = 0.148046784315692, condition number = 73.2717939433401
   scaling = 0.161505582889846, condition number = 64.5412772461551
Rescaling to 0.161505582889846... done
Rescaling...
   scaling = 0.134587985741538, condition number = 83.0937919107175
   scaling = 0.146823257172587, condition number = 74.4811320288666
   scaling = 0.161505582889846, condition number = 64.5413017506466
   scaling = 0.17765614117883, condition number = 58.9284258353017
   scaling = 0.193806699467815, condition number = 55.5514927875108
Rescaling to 0.193806699467815... done
Rescaling...
   scaling = 0.161505582889846, condition number = 64.5413017506466
   scaling = 0.176187908607104, condition number = 59.3922131023521
   scaling = 0.193806699467815, condition number = 55.5514927875108
   scaling = 0.213187369414596, condition number = 54.1849560111018
   scaling = 0.232568039361378, condition number = 45.9536894121195
Rescaling to 0.232568039361378... done
Rescaling...
   scaling = 0.193806699467815, condition number = 55.5514927875108
   scaling = 0.211425490328525, condition number = 54.6451552004685
   scaling = 0.232568039361378, condition number = 45.9536894121195
   scaling = 0.255824843297516, condition number = 39.9112974391555
   scaling = 0.279081647233654, condition number = 34.6022596330758
Rescaling to 0.279081647233654... done
Rescaling...
   scaling = 0.232568039361378, condition number = 45.9540276591421
   scaling = 0.25371058839423, condition number = 39.9026339436815
   scaling = 0.279081647233654, condition number = 34.6022596330758
   scaling = 0.306989811957019, condition number = 29.2853609636306
   scaling = 0.334897976680384, condition number = 26.5089197826601
Rescaling to 0.334897976680384... done
Rescaling...
   scaling = 0.279081647233654, condition number = 34.6022596330758
   scaling = 0.304452706073077, condition number = 29.7062471664729
   scaling = 0.334897976680384, condition number = 26.5089197826601
   scaling = 0.368387774348423, condition number = 23.8959338695742
   scaling = 0.401877572016461, condition number = 25.4028812101689
Rescaling to 0.368387774348423... done
Rescaling...
   scaling = 0.306989811957019, condition number = 29.2851227454174
   scaling = 0.334897976680384, condition number = 26.508911923773
   scaling = 0.368387774348423, condition number = 23.8960833763235
   scaling = 0.405226551783265, condition number = 25.6030352798234
   scaling = 0.442065329218107, condition number = 27.6073019936488
Rescaling to 0.368387774348423... done

		* * * TRAIN ERRORS * * *

_________________Errors report_________________
Energy:
	Errors checked for 15888 configurations
	Maximal absolute difference = 4.52829
	Average absolute difference = 0.250339
	RMS     absolute difference = 0.360247

Energy per atom:
	Errors checked for 15888 configurations
	Maximal absolute difference = 0.0960204
	Average absolute difference = 0.00443983
	RMS     absolute difference = 0.00602919

Forces:
	Errors checked for 1058758 atoms
	Maximal absolute difference = 3.07293
	Average absolute difference = 0.045282
	RMS     absolute difference = 0.100608
	Max(ForceDiff) / Max(Force) = 0.159765
	RMS(ForceDiff) / RMS(Force) = 0.162556

Stresses (in eV):
	Errors checked for 15888 configurations
	Maximal absolute difference = 84.8315
	Average absolute difference = 1.32493
	RMS     absolute difference = 6.11429
	Max(StresDiff) / Max(Stres) = 0.234587
	RMS(StresDiff) / RMS(Stres) = 0.230642

Stresses (in GPa):
	Errors checked for 15888 configurations
	Maximal absolute difference = 19.6992
	Average absolute difference = 0.184832
	RMS     absolute difference = 0.742151
	Max(StresDiff) / Max(Stres) = 0.242152
	RMS(StresDiff) / RMS(Stres) = 0.186632
_______________________________________________


		* * * VALIDATION ERRORS * * *

_________________Errors report_________________
Energy:
	Errors checked for 1766 configurations
	Maximal absolute difference = 1.88932
	Average absolute difference = 0.245893
	RMS     absolute difference = 0.345292

Energy per atom:
	Errors checked for 1766 configurations
	Maximal absolute difference = 0.0464291
	Average absolute difference = 0.00442652
	RMS     absolute difference = 0.00592111

Forces:
	Errors checked for 114824 atoms
	Maximal absolute difference = 3.85865
	Average absolute difference = 0.0455252
	RMS     absolute difference = 0.10112
	Max(ForceDiff) / Max(Force) = 0.302687
	RMS(ForceDiff) / RMS(Force) = 0.164767

Stresses (in eV):
	Errors checked for 1766 configurations
	Maximal absolute difference = 81.2455
	Average absolute difference = 1.303
	RMS     absolute difference = 6.01122
	Max(StresDiff) / Max(Stres) = 0.22831
	RMS(StresDiff) / RMS(Stres) = 0.221168

Stresses (in GPa):
	Errors checked for 1766 configurations
	Maximal absolute difference = 19.7
	Average absolute difference = 0.187084
	RMS     absolute difference = 0.752912
	Max(StresDiff) / Max(Stres) = 0.242159
	RMS(StresDiff) / RMS(Stres) = 0.174974
_______________________________________________


JOB STATISTICS
==============
Job ID: 6506282
Cluster: snellius
User/Group: fshuang99/fshuang99
State: RUNNING
Nodes: 1
Cores per node: 192
CPU Utilized: 00:00:00
CPU Efficiency: 0.00% of 32-06:30:24 core-walltime
Job Wall-clock time: 04:02:02
Memory Utilized: 0.00 MB (estimated maximum)
Memory Efficiency: 0.00% of 336.00 GB (1.75 GB/core)
WARNING: Efficiency statistics may be misleading for RUNNING jobs.
