MTPR from curr14.mtp, Database: group1.cfg
validation set: group2.cfg
Found configuration with mindist=2.00222, MTP's mindist will be decreased
BFGS iterations count set to 3000
BFGS convergence tolerance set to 0.001
Energy weight: 1
Force weight: 0.01
Stress weight: 0
MTPR parallel training started
BFGS iter 0: f=0.0154204
BFGS iter 1: f=0.0154202
BFGS iter 2: f=0.0154201
BFGS iter 3: f=0.01542
BFGS iter 4: f=0.0154198
BFGS iter 5: f=0.0154196
BFGS iter 6: f=0.0154195
BFGS iter 7: f=0.015419
BFGS iter 8: f=0.0154184
BFGS iter 9: f=0.015418
BFGS iter 10: f=0.0154176
BFGS iter 11: f=0.0154173
BFGS iter 12: f=0.0154171
BFGS iter 13: f=0.0154168
BFGS iter 14: f=0.0154167
BFGS iter 15: f=0.0154165
BFGS iter 16: f=0.0154161
BFGS iter 17: f=0.015416
BFGS iter 18: f=0.0154157
BFGS iter 19: f=0.0154154
BFGS iter 20: f=0.015415
BFGS iter 21: f=0.0154148
BFGS iter 22: f=0.0154145
BFGS iter 23: f=0.0154144
BFGS iter 24: f=0.0154141
BFGS iter 25: f=0.015414
BFGS iter 26: f=0.0154138
BFGS iter 27: f=0.0154137
BFGS iter 28: f=0.0154133
BFGS iter 29: f=0.015413
BFGS iter 30: f=0.0154128
BFGS iter 31: f=0.0154127
BFGS iter 32: f=0.0154126
BFGS iter 33: f=0.0154123
BFGS iter 34: f=0.0154121
BFGS iter 35: f=0.0154118
BFGS iter 36: f=0.0154116
BFGS iter 37: f=0.0154114
BFGS iter 38: f=0.0154112
BFGS iter 39: f=0.0154109
BFGS iter 40: f=0.0154106
BFGS iter 41: f=0.0154105
BFGS iter 42: f=0.0154102
BFGS iter 43: f=0.01541
BFGS iter 44: f=0.0154099
BFGS iter 45: f=0.0154097
BFGS iter 46: f=0.0154095
BFGS iter 47: f=0.0154093
BFGS iter 48: f=0.0154091
BFGS iter 49: f=0.015409
BFGS iter 50: f=0.0154003
BFGS iter 51: f=0.0154
BFGS iter 52: f=0.0153995
BFGS iter 53: f=0.015399
BFGS iter 54: f=0.0153984
BFGS iter 55: f=0.0153976
BFGS iter 56: f=0.0153969
BFGS iter 57: f=0.0153963
BFGS iter 58: f=0.0153957
BFGS iter 59: f=0.0153951
BFGS iter 60: f=0.0153943
BFGS iter 61: f=0.0153936
BFGS iter 62: f=0.0153932
BFGS iter 63: f=0.0153926
BFGS iter 64: f=0.0153923
BFGS iter 65: f=0.0153919
BFGS iter 66: f=0.0153915
BFGS iter 67: f=0.0153912
BFGS iter 68: f=0.015391
BFGS iter 69: f=0.0153908
BFGS iter 70: f=0.0153907
BFGS iter 71: f=0.0153905
BFGS iter 72: f=0.0153903
BFGS iter 73: f=0.0153902
BFGS iter 74: f=0.01539
BFGS iter 75: f=0.0153898
BFGS iter 76: f=0.0153897
BFGS iter 77: f=0.0153894
BFGS iter 78: f=0.0153891
BFGS iter 79: f=0.0153888
BFGS iter 80: f=0.0153885
BFGS iter 81: f=0.0153881
BFGS iter 82: f=0.0153878
BFGS iter 83: f=0.0153874
BFGS iter 84: f=0.0153872
BFGS iter 85: f=0.0153869
BFGS iter 86: f=0.0153866
BFGS iter 87: f=0.0153862
BFGS iter 88: f=0.0153859
BFGS iter 89: f=0.0153856
BFGS iter 90: f=0.0153852
BFGS iter 91: f=0.0153849
BFGS iter 92: f=0.0153845
BFGS iter 93: f=0.015384
BFGS iter 94: f=0.0153837
BFGS iter 95: f=0.0153833
BFGS iter 96: f=0.015383
BFGS iter 97: f=0.0153827
BFGS iter 98: f=0.0153824
BFGS iter 99: f=0.015382
BFGS iter 100: f=0.0153699
BFGS iter 101: f=0.0153681
BFGS iter 102: f=0.0153658
BFGS iter 103: f=0.015364
BFGS iter 104: f=0.0153627
BFGS iter 105: f=0.0153618
BFGS iter 106: f=0.0153613
BFGS iter 107: f=0.015361
BFGS iter 108: f=0.0153607
BFGS iter 109: f=0.0153604
BFGS iter 110: f=0.0153603
BFGS iter 111: f=0.0153601
BFGS iter 112: f=0.0153599
BFGS iter 113: f=0.0153597
BFGS iter 114: f=0.0153595
BFGS iter 115: f=0.0153592
BFGS iter 116: f=0.015359
BFGS iter 117: f=0.0153588
BFGS iter 118: f=0.0153585
BFGS iter 119: f=0.0153584
BFGS iter 120: f=0.0153582
BFGS iter 121: f=0.015358
BFGS iter 122: f=0.0153579
BFGS iter 123: f=0.0153577
BFGS iter 124: f=0.0153574
BFGS iter 125: f=0.0153572
BFGS iter 126: f=0.015357
BFGS iter 127: f=0.0153568
BFGS iter 128: f=0.0153566
BFGS iter 129: f=0.0153564
BFGS iter 130: f=0.0153562
BFGS iter 131: f=0.015356
BFGS iter 132: f=0.0153558
BFGS iter 133: f=0.0153556
BFGS iter 134: f=0.0153553
BFGS iter 135: f=0.015355
BFGS iter 136: f=0.0153548
BFGS iter 137: f=0.0153545
BFGS iter 138: f=0.0153542
BFGS iter 139: f=0.0153539
BFGS iter 140: f=0.0153536
BFGS iter 141: f=0.0153533
BFGS iter 142: f=0.0153531
BFGS iter 143: f=0.0153527
BFGS iter 144: f=0.0153524
BFGS iter 145: f=0.0153521
BFGS iter 146: f=0.0153518
BFGS iter 147: f=0.0153514
BFGS iter 148: f=0.015351
BFGS iter 149: f=0.0153505
BFGS iter 150: f=0.0153359
BFGS iter 151: f=0.0153321
BFGS iter 152: f=0.0153299
BFGS iter 153: f=0.015329
BFGS iter 154: f=0.0153285
BFGS iter 155: f=0.015328
BFGS iter 156: f=0.0153276
BFGS iter 157: f=0.0153271
BFGS iter 158: f=0.0153266
BFGS iter 159: f=0.0153258
BFGS iter 160: f=0.0153251
BFGS iter 161: f=0.0153245
BFGS iter 162: f=0.015324
BFGS iter 163: f=0.0153234
BFGS iter 164: f=0.0153231
BFGS iter 165: f=0.0153223
BFGS iter 166: f=0.0153216
BFGS iter 167: f=0.0153209
BFGS iter 168: f=0.0153201
BFGS iter 169: f=0.0153192
BFGS iter 170: f=0.0153185
BFGS iter 171: f=0.0153176
BFGS iter 172: f=0.0153169
BFGS iter 173: f=0.015316
BFGS iter 174: f=0.0153151
BFGS iter 175: f=0.0153143
BFGS iter 176: f=0.0153131
BFGS iter 177: f=0.0153122
BFGS iter 178: f=0.0153111
BFGS iter 179: f=0.0153104
BFGS iter 180: f=0.0153097
BFGS iter 181: f=0.0153086
BFGS iter 182: f=0.0153072
BFGS iter 183: f=0.0153057
BFGS iter 184: f=0.0153043
BFGS iter 185: f=0.0153031
BFGS iter 186: f=0.0153017
BFGS iter 187: f=0.0153004
BFGS iter 188: f=0.0152992
BFGS iter 189: f=0.0152979
BFGS iter 190: f=0.0152958
BFGS iter 191: f=0.0152939
BFGS iter 192: f=0.0152924
BFGS iter 193: f=0.0152911
BFGS iter 194: f=0.0152895
BFGS iter 195: f=0.0152881
BFGS iter 196: f=0.0152864
BFGS iter 197: f=0.0152844
BFGS iter 198: f=0.0152829
BFGS iter 199: f=0.015281
BFGS iter 200: f=0.0152653
BFGS iter 201: f=0.0152614
BFGS iter 202: f=0.015258
BFGS iter 203: f=0.0152557
BFGS iter 204: f=0.0152542
BFGS iter 205: f=0.0152528
BFGS iter 206: f=0.0152521
BFGS iter 207: f=0.0152506
BFGS iter 208: f=0.0152493
BFGS iter 209: f=0.015248
BFGS iter 210: f=0.0152471
BFGS iter 211: f=0.0152454
BFGS iter 212: f=0.0152437
BFGS iter 213: f=0.0152417
BFGS iter 214: f=0.0152398
BFGS iter 215: f=0.0152378
BFGS iter 216: f=0.0152362
BFGS iter 217: f=0.0152345
BFGS iter 218: f=0.0152327
BFGS iter 219: f=0.0152304
BFGS iter 220: f=0.0152278
BFGS iter 221: f=0.0152255
BFGS iter 222: f=0.0152237
BFGS iter 223: f=0.0152219
BFGS iter 224: f=0.0152198
BFGS iter 225: f=0.0152176
BFGS iter 226: f=0.0152149
BFGS iter 227: f=0.0152127
BFGS iter 228: f=0.0152104
BFGS iter 229: f=0.0152087
BFGS iter 230: f=0.0152072
BFGS iter 231: f=0.0152047
BFGS iter 232: f=0.0152014
BFGS iter 233: f=0.0151986
BFGS iter 234: f=0.0151956
BFGS iter 235: f=0.0151934
BFGS iter 236: f=0.0151904
BFGS iter 237: f=0.0151878
BFGS iter 238: f=0.0151848
BFGS iter 239: f=0.0151825
BFGS iter 240: f=0.0151797
BFGS iter 241: f=0.0151774
BFGS iter 242: f=0.0151752
BFGS iter 243: f=0.0151724
BFGS iter 244: f=0.0151696
BFGS iter 245: f=0.0151669
BFGS iter 246: f=0.0151648
BFGS iter 247: f=0.015163
BFGS iter 248: f=0.0151606
BFGS iter 249: f=0.0151582
BFGS iter 250: f=0.0151332
BFGS iter 251: f=0.015126
BFGS iter 252: f=0.0151228
BFGS iter 253: f=0.0151199
BFGS iter 254: f=0.0151176
BFGS iter 255: f=0.015115
BFGS iter 256: f=0.0151115
BFGS iter 257: f=0.0151067
BFGS iter 258: f=0.0151021
BFGS iter 259: f=0.0150983
BFGS iter 260: f=0.0150945
BFGS iter 261: f=0.0150903
BFGS iter 262: f=0.0150866
BFGS iter 263: f=0.0150832
BFGS iter 264: f=0.0150796
BFGS iter 265: f=0.0150765
BFGS iter 266: f=0.0150732
BFGS iter 267: f=0.0150705
BFGS iter 268: f=0.0150678
BFGS iter 269: f=0.0150656
BFGS iter 270: f=0.0150627
BFGS iter 271: f=0.0150597
BFGS iter 272: f=0.0150576
BFGS iter 273: f=0.0150548
BFGS iter 274: f=0.0150512
BFGS iter 275: f=0.0150482
BFGS iter 276: f=0.0150453
BFGS iter 277: f=0.0150424
BFGS iter 278: f=0.0150393
BFGS iter 279: f=0.0150368
BFGS iter 280: f=0.0150335
BFGS iter 281: f=0.0150306
BFGS iter 282: f=0.0150281
BFGS iter 283: f=0.0150254
BFGS iter 284: f=0.0150227
BFGS iter 285: f=0.0150194
BFGS iter 286: f=0.0150167
BFGS iter 287: f=0.0150143
BFGS iter 288: f=0.0150116
BFGS iter 289: f=0.0150098
BFGS iter 290: f=0.0150079
BFGS iter 291: f=0.0150057
BFGS iter 292: f=0.0150035
BFGS iter 293: f=0.015002
BFGS iter 294: f=0.0150001
BFGS iter 295: f=0.0149985
BFGS iter 296: f=0.0149969
BFGS iter 297: f=0.014995
BFGS iter 298: f=0.0149935
BFGS iter 299: f=0.0149921
BFGS iter 300: f=0.0149499
BFGS iter 301: f=0.0149467
BFGS iter 302: f=0.0149429
BFGS iter 303: f=0.014941
BFGS iter 304: f=0.0149389
BFGS iter 305: f=0.0149375
BFGS iter 306: f=0.0149357
BFGS iter 307: f=0.0149343
BFGS iter 308: f=0.0149329
BFGS iter 309: f=0.0149315
BFGS iter 310: f=0.0149294
BFGS iter 311: f=0.014928
BFGS iter 312: f=0.0149261
BFGS iter 313: f=0.0149241
BFGS iter 314: f=0.0149224
BFGS iter 315: f=0.0149206
BFGS iter 316: f=0.0149185
BFGS iter 317: f=0.0149169
BFGS iter 318: f=0.0149148
BFGS iter 319: f=0.0149132
BFGS iter 320: f=0.0149113
BFGS iter 321: f=0.0149096
BFGS iter 322: f=0.0149077
BFGS iter 323: f=0.0149059
BFGS iter 324: f=0.014904
BFGS iter 325: f=0.0149024
BFGS iter 326: f=0.0149008
BFGS iter 327: f=0.0148989
BFGS iter 328: f=0.0148971
BFGS iter 329: f=0.0148946
BFGS iter 330: f=0.0148923
BFGS iter 331: f=0.0148905
BFGS iter 332: f=0.0148886
BFGS iter 333: f=0.0148867
BFGS iter 334: f=0.0148847
BFGS iter 335: f=0.0148833
BFGS iter 336: f=0.0148819
BFGS iter 337: f=0.0148804
BFGS iter 338: f=0.0148792
BFGS iter 339: f=0.0148781
BFGS iter 340: f=0.0148762
BFGS iter 341: f=0.0148745
BFGS iter 342: f=0.014873
BFGS iter 343: f=0.0148713
BFGS iter 344: f=0.0148696
BFGS iter 345: f=0.0148683
BFGS iter 346: f=0.0148666
BFGS iter 347: f=0.0148649
BFGS iter 348: f=0.0148635
BFGS iter 349: f=0.0148617
BFGS iter 350: f=0.0148293
BFGS iter 351: f=0.0148237
BFGS iter 352: f=0.0148205
BFGS iter 353: f=0.0148191
BFGS iter 354: f=0.0148174
BFGS iter 355: f=0.014815
BFGS iter 356: f=0.0148133
BFGS iter 357: f=0.0148115
BFGS iter 358: f=0.01481
BFGS iter 359: f=0.0148082
BFGS iter 360: f=0.0148067
BFGS iter 361: f=0.0148054
BFGS iter 362: f=0.0148034
BFGS iter 363: f=0.014802
BFGS iter 364: f=0.0148006
BFGS iter 365: f=0.014799
BFGS iter 366: f=0.0147979
BFGS iter 367: f=0.0147962
BFGS iter 368: f=0.0147946
BFGS iter 369: f=0.0147935
BFGS iter 370: f=0.0147918
BFGS iter 371: f=0.0147901
BFGS iter 372: f=0.0147885
BFGS iter 373: f=0.014787
BFGS iter 374: f=0.0147851
BFGS iter 375: f=0.0147835
BFGS iter 376: f=0.0147817
BFGS iter 377: f=0.0147804
BFGS iter 378: f=0.0147783
BFGS iter 379: f=0.0147772
BFGS iter 380: f=0.0147755
BFGS iter 381: f=0.0147737
BFGS iter 382: f=0.014772
BFGS iter 383: f=0.01477
BFGS iter 384: f=0.0147684
BFGS iter 385: f=0.0147664
BFGS iter 386: f=0.014764
BFGS iter 387: f=0.0147624
BFGS iter 388: f=0.0147607
BFGS iter 389: f=0.0147591
BFGS iter 390: f=0.0147573
BFGS iter 391: f=0.0147543
BFGS iter 392: f=0.0147511
BFGS iter 393: f=0.0147482
BFGS iter 394: f=0.0147451
BFGS iter 395: f=0.0147424
BFGS iter 396: f=0.0147397
BFGS iter 397: f=0.0147373
BFGS iter 398: f=0.0147344
BFGS iter 399: f=0.0147314
BFGS iter 400: f=0.014702
BFGS iter 401: f=0.0146908
BFGS iter 402: f=0.0146883
BFGS iter 403: f=0.0146871
BFGS iter 404: f=0.0146855
BFGS iter 405: f=0.0146832
BFGS iter 406: f=0.0146814
BFGS iter 407: f=0.0146796
BFGS iter 408: f=0.0146772
BFGS iter 409: f=0.0146744
BFGS iter 410: f=0.014672
BFGS iter 411: f=0.0146693
BFGS iter 412: f=0.0146662
BFGS iter 413: f=0.0146642
BFGS iter 414: f=0.0146619
BFGS iter 415: f=0.0146593
BFGS iter 416: f=0.0146576
BFGS iter 417: f=0.0146559
BFGS iter 418: f=0.0146543
BFGS iter 419: f=0.0146528
BFGS iter 420: f=0.0146509
BFGS iter 421: f=0.0146485
BFGS iter 422: f=0.0146468
BFGS iter 423: f=0.014645
BFGS iter 424: f=0.0146432
BFGS iter 425: f=0.0146414
BFGS iter 426: f=0.0146395
BFGS iter 427: f=0.0146373
BFGS iter 428: f=0.0146356
BFGS iter 429: f=0.0146339
BFGS iter 430: f=0.0146318
BFGS iter 431: f=0.01463
BFGS iter 432: f=0.0146285
BFGS iter 433: f=0.0146266
BFGS iter 434: f=0.0146243
BFGS iter 435: f=0.0146218
BFGS iter 436: f=0.0146197
BFGS iter 437: f=0.0146171
BFGS iter 438: f=0.0146151
BFGS iter 439: f=0.0146133
BFGS iter 440: f=0.0146117
BFGS iter 441: f=0.0146104
BFGS iter 442: f=0.0146097
BFGS iter 443: f=0.0146083
BFGS iter 444: f=0.0146066
BFGS iter 445: f=0.0146049
BFGS iter 446: f=0.0146032
BFGS iter 447: f=0.0146019
BFGS iter 448: f=0.0146003
BFGS iter 449: f=0.0145984
BFGS iter 450: f=0.0145809
BFGS iter 451: f=0.0145778
BFGS iter 452: f=0.0145762
BFGS iter 453: f=0.0145746
BFGS iter 454: f=0.0145732
BFGS iter 455: f=0.0145721
BFGS iter 456: f=0.0145714
BFGS iter 457: f=0.0145704
BFGS iter 458: f=0.0145688
BFGS iter 459: f=0.0145673
BFGS iter 460: f=0.0145658
BFGS iter 461: f=0.0145647
BFGS iter 462: f=0.0145638
BFGS iter 463: f=0.0145622
BFGS iter 464: f=0.014561
BFGS iter 465: f=0.0145598
BFGS iter 466: f=0.0145588
BFGS iter 467: f=0.0145577
BFGS iter 468: f=0.0145563
BFGS iter 469: f=0.0145554
BFGS iter 470: f=0.0145541
BFGS iter 471: f=0.0145526
BFGS iter 472: f=0.0145517
BFGS iter 473: f=0.0145506
BFGS iter 474: f=0.0145495
BFGS iter 475: f=0.0145487
BFGS iter 476: f=0.0145477
BFGS iter 477: f=0.014547
BFGS iter 478: f=0.0145458
BFGS iter 479: f=0.0145448
BFGS iter 480: f=0.0145438
BFGS iter 481: f=0.0145427
BFGS iter 482: f=0.0145417
BFGS iter 483: f=0.0145409
BFGS iter 484: f=0.0145393
BFGS iter 485: f=0.0145383
BFGS iter 486: f=0.0145374
BFGS iter 487: f=0.014536
BFGS iter 488: f=0.014535
BFGS iter 489: f=0.014534
BFGS iter 490: f=0.0145329
BFGS iter 491: f=0.0145322
BFGS iter 492: f=0.0145313
BFGS iter 493: f=0.0145305
BFGS iter 494: f=0.0145297
BFGS iter 495: f=0.0145289
BFGS iter 496: f=0.0145281
BFGS iter 497: f=0.0145275
BFGS iter 498: f=0.0145268
BFGS iter 499: f=0.0145263
BFGS iter 500: f=0.014512
BFGS iter 501: f=0.0145081
BFGS iter 502: f=0.0145065
BFGS iter 503: f=0.0145058
BFGS iter 504: f=0.0145052
BFGS iter 505: f=0.0145048
BFGS iter 506: f=0.0145045
BFGS iter 507: f=0.014504
BFGS iter 508: f=0.0145035
BFGS iter 509: f=0.0145031
BFGS iter 510: f=0.0145026
BFGS iter 511: f=0.0145023
BFGS iter 512: f=0.0145017
BFGS iter 513: f=0.0145014
BFGS iter 514: f=0.0145009
BFGS iter 515: f=0.0145005
BFGS iter 516: f=0.0145001
BFGS iter 517: f=0.0144996
BFGS iter 518: f=0.014499
BFGS iter 519: f=0.0144984
BFGS iter 520: f=0.0144979
BFGS iter 521: f=0.0144973
BFGS iter 522: f=0.0144968
BFGS iter 523: f=0.0144961
BFGS iter 524: f=0.0144957
BFGS iter 525: f=0.014495
BFGS iter 526: f=0.0144946
BFGS iter 527: f=0.0144939
BFGS iter 528: f=0.0144933
BFGS iter 529: f=0.0144928
BFGS iter 530: f=0.0144922
BFGS iter 531: f=0.0144918
BFGS iter 532: f=0.0144911
BFGS iter 533: f=0.0144906
BFGS iter 534: f=0.01449
BFGS iter 535: f=0.0144894
BFGS iter 536: f=0.0144891
BFGS iter 537: f=0.0144885
BFGS iter 538: f=0.0144882
BFGS iter 539: f=0.0144877
BFGS iter 540: f=0.0144871
BFGS iter 541: f=0.0144865
BFGS iter 542: f=0.0144859
BFGS iter 543: f=0.0144853
BFGS iter 544: f=0.0144847
BFGS iter 545: f=0.0144841
BFGS iter 546: f=0.0144836
BFGS iter 547: f=0.014483
BFGS iter 548: f=0.0144825
BFGS iter 549: f=0.014482
BFGS iter 550: f=0.0144725
BFGS iter 551: f=0.0144698
BFGS iter 552: f=0.014469
BFGS iter 553: f=0.0144687
BFGS iter 554: f=0.0144681
BFGS iter 555: f=0.0144676
BFGS iter 556: f=0.0144669
BFGS iter 557: f=0.0144662
BFGS iter 558: f=0.0144657
BFGS iter 559: f=0.0144651
BFGS iter 560: f=0.0144645
BFGS iter 561: f=0.0144638
BFGS iter 562: f=0.0144633
BFGS iter 563: f=0.0144628
BFGS iter 564: f=0.0144623
BFGS iter 565: f=0.0144618
BFGS iter 566: f=0.0144614
BFGS iter 567: f=0.0144607
BFGS iter 568: f=0.0144602
BFGS iter 569: f=0.0144596
BFGS iter 570: f=0.0144593
BFGS iter 571: f=0.0144588
BFGS iter 572: f=0.0144582
BFGS iter 573: f=0.0144578
BFGS iter 574: f=0.0144573
BFGS iter 575: f=0.0144567
BFGS iter 576: f=0.0144562
BFGS iter 577: f=0.0144558
BFGS iter 578: f=0.0144554
BFGS iter 579: f=0.0144549
BFGS iter 580: f=0.0144544
BFGS iter 581: f=0.0144539
BFGS iter 582: f=0.0144533
BFGS iter 583: f=0.0144528
BFGS iter 584: f=0.0144523
BFGS iter 585: f=0.0144519
BFGS iter 586: f=0.0144515
BFGS iter 587: f=0.0144511
BFGS iter 588: f=0.0144506
BFGS iter 589: f=0.0144501
BFGS iter 590: f=0.0144496
BFGS iter 591: f=0.0144491
BFGS iter 592: f=0.0144487
BFGS iter 593: f=0.0144482
BFGS iter 594: f=0.0144477
BFGS iter 595: f=0.0144471
BFGS iter 596: f=0.0144465
BFGS iter 597: f=0.014446
BFGS iter 598: f=0.0144456
BFGS iter 599: f=0.0144451
BFGS iter 600: f=0.0144358
BFGS iter 601: f=0.0144346
BFGS iter 602: f=0.0144338
BFGS iter 603: f=0.0144333
BFGS iter 604: f=0.0144329
BFGS iter 605: f=0.0144325
BFGS iter 606: f=0.0144321
BFGS iter 607: f=0.0144317
BFGS iter 608: f=0.0144313
BFGS iter 609: f=0.014431
BFGS iter 610: f=0.0144307
BFGS iter 611: f=0.0144304
BFGS iter 612: f=0.01443
BFGS iter 613: f=0.0144296
BFGS iter 614: f=0.0144293
BFGS iter 615: f=0.014429
BFGS iter 616: f=0.0144286
BFGS iter 617: f=0.0144283
BFGS iter 618: f=0.014428
BFGS iter 619: f=0.0144277
BFGS iter 620: f=0.0144274
BFGS iter 621: f=0.0144271
BFGS iter 622: f=0.0144267
BFGS iter 623: f=0.0144263
BFGS iter 624: f=0.0144258
BFGS iter 625: f=0.0144255
BFGS iter 626: f=0.014425
BFGS iter 627: f=0.0144246
BFGS iter 628: f=0.0144241
BFGS iter 629: f=0.0144236
BFGS iter 630: f=0.0144231
BFGS iter 631: f=0.0144226
BFGS iter 632: f=0.014422
BFGS iter 633: f=0.0144215
BFGS iter 634: f=0.014421
BFGS iter 635: f=0.0144207
BFGS iter 636: f=0.0144201
BFGS iter 637: f=0.0144197
BFGS iter 638: f=0.0144192
BFGS iter 639: f=0.0144187
BFGS iter 640: f=0.0144183
BFGS iter 641: f=0.0144179
BFGS iter 642: f=0.0144175
BFGS iter 643: f=0.0144171
BFGS iter 644: f=0.0144167
BFGS iter 645: f=0.0144163
BFGS iter 646: f=0.0144159
BFGS iter 647: f=0.0144155
BFGS iter 648: f=0.014415
BFGS iter 649: f=0.0144145
BFGS iter 650: f=0.0144069
BFGS iter 651: f=0.0144047
BFGS iter 652: f=0.0144041
BFGS iter 653: f=0.0144037
BFGS iter 654: f=0.0144033
BFGS iter 655: f=0.0144028
BFGS iter 656: f=0.0144023
BFGS iter 657: f=0.0144018
BFGS iter 658: f=0.0144011
BFGS iter 659: f=0.0144005
BFGS iter 660: f=0.0143999
BFGS iter 661: f=0.0143994
BFGS iter 662: f=0.0143989
BFGS iter 663: f=0.0143983
BFGS iter 664: f=0.0143978
BFGS iter 665: f=0.0143973
BFGS iter 666: f=0.0143968
BFGS iter 667: f=0.0143964
BFGS iter 668: f=0.014396
BFGS iter 669: f=0.0143957
BFGS iter 670: f=0.0143953
BFGS iter 671: f=0.0143948
BFGS iter 672: f=0.0143944
BFGS iter 673: f=0.0143938
BFGS iter 674: f=0.0143934
BFGS iter 675: f=0.0143929
BFGS iter 676: f=0.0143923
BFGS iter 677: f=0.0143918
BFGS iter 678: f=0.0143913
BFGS iter 679: f=0.0143908
BFGS iter 680: f=0.0143904
BFGS iter 681: f=0.01439
BFGS iter 682: f=0.0143895
BFGS iter 683: f=0.014389
BFGS iter 684: f=0.0143885
BFGS iter 685: f=0.0143878
BFGS iter 686: f=0.0143871
BFGS iter 687: f=0.0143863
BFGS iter 688: f=0.0143857
BFGS iter 689: f=0.0143852
BFGS iter 690: f=0.0143846
BFGS iter 691: f=0.0143841
BFGS iter 692: f=0.0143836
BFGS iter 693: f=0.014383
BFGS iter 694: f=0.0143824
BFGS iter 695: f=0.0143818
BFGS iter 696: f=0.0143813
BFGS iter 697: f=0.0143808
BFGS iter 698: f=0.0143803
BFGS iter 699: f=0.0143798
BFGS iter 700: f=0.0143749
BFGS iter 701: f=0.0143734
BFGS iter 702: f=0.0143729
BFGS iter 703: f=0.0143725
BFGS iter 704: f=0.0143722
BFGS iter 705: f=0.0143719
BFGS iter 706: f=0.0143717
BFGS iter 707: f=0.0143714
BFGS iter 708: f=0.0143711
BFGS iter 709: f=0.0143709
BFGS iter 710: f=0.0143706
BFGS iter 711: f=0.0143703
BFGS iter 712: f=0.0143701
BFGS iter 713: f=0.0143699
BFGS iter 714: f=0.0143696
BFGS iter 715: f=0.0143692
BFGS iter 716: f=0.0143689
BFGS iter 717: f=0.0143686
BFGS iter 718: f=0.0143682
BFGS iter 719: f=0.0143679
BFGS iter 720: f=0.0143676
BFGS iter 721: f=0.0143672
BFGS iter 722: f=0.0143669
BFGS iter 723: f=0.0143664
BFGS iter 724: f=0.0143661
BFGS iter 725: f=0.0143658
BFGS iter 726: f=0.0143655
BFGS iter 727: f=0.0143653
BFGS iter 728: f=0.0143651
BFGS iter 729: f=0.0143648
BFGS iter 730: f=0.0143646
BFGS iter 731: f=0.0143643
BFGS iter 732: f=0.0143641
BFGS iter 733: f=0.0143639
BFGS iter 734: f=0.0143636
BFGS iter 735: f=0.0143635
BFGS iter 736: f=0.0143632
BFGS iter 737: f=0.014363
BFGS iter 738: f=0.0143627
BFGS iter 739: f=0.0143624
BFGS iter 740: f=0.0143621
BFGS iter 741: f=0.0143618
BFGS iter 742: f=0.0143616
BFGS iter 743: f=0.0143613
BFGS iter 744: f=0.0143611
BFGS iter 745: f=0.0143608
BFGS iter 746: f=0.0143605
BFGS iter 747: f=0.0143603
BFGS iter 748: f=0.01436
BFGS iter 749: f=0.0143598
BFGS iter 750: f=0.0143562
BFGS iter 751: f=0.0143554
BFGS iter 752: f=0.0143552
BFGS iter 753: f=0.014355
BFGS iter 754: f=0.0143548
BFGS iter 755: f=0.0143546
BFGS iter 756: f=0.0143543
BFGS iter 757: f=0.0143541
BFGS iter 758: f=0.0143539
BFGS iter 759: f=0.0143536
BFGS iter 760: f=0.0143534
BFGS iter 761: f=0.0143532
BFGS iter 762: f=0.0143529
BFGS iter 763: f=0.0143526
BFGS iter 764: f=0.0143523
BFGS iter 765: f=0.014352
BFGS iter 766: f=0.0143518
BFGS iter 767: f=0.0143515
BFGS iter 768: f=0.0143513
BFGS iter 769: f=0.0143511
BFGS iter 770: f=0.0143508
BFGS iter 771: f=0.0143506
BFGS iter 772: f=0.0143503
BFGS iter 773: f=0.0143501
BFGS iter 774: f=0.0143499
BFGS iter 775: f=0.0143497
BFGS iter 776: f=0.0143495
BFGS iter 777: f=0.0143493
BFGS iter 778: f=0.0143491
BFGS iter 779: f=0.0143489
BFGS iter 780: f=0.0143487
BFGS iter 781: f=0.0143485
BFGS iter 782: f=0.0143482
BFGS iter 783: f=0.014348
BFGS iter 784: f=0.0143478
BFGS iter 785: f=0.0143475
BFGS iter 786: f=0.0143472
BFGS iter 787: f=0.014347
BFGS iter 788: f=0.0143467
BFGS iter 789: f=0.0143465
BFGS iter 790: f=0.0143463
BFGS iter 791: f=0.014346
BFGS iter 792: f=0.0143458
BFGS iter 793: f=0.0143456
BFGS iter 794: f=0.0143454
BFGS iter 795: f=0.0143452
BFGS iter 796: f=0.0143449
BFGS iter 797: f=0.0143446
BFGS iter 798: f=0.0143443
BFGS iter 799: f=0.014344
BFGS ended due to small decr. in 50 iterations
MTPR training ended
Rescaling...
   scaling = 0.281407327627267, condition number = 10.7078567314421
   scaling = 0.306989811957019, condition number = 10.8019627053772
   scaling = 0.337688793152721, condition number = 10.8467163720101
   scaling = 0.371457672467993, condition number = 11.4036160232194
   scaling = 0.405226551783265, condition number = 12.5665008565153
Rescaling to 0.281407327627267... done
Rescaling...
   scaling = 0.234506106356056, condition number = 12.6803938267421
   scaling = 0.255824843297516, condition number = 11.1577107490065
   scaling = 0.281407327627267, condition number = 10.7078567303105
   scaling = 0.309548060389994, condition number = 10.9118291749719
   scaling = 0.337688793152721, condition number = 10.8467163718991
Rescaling to 0.281407327627267... done

		* * * TRAIN ERRORS * * *

_________________Errors report_________________
Energy:
	Errors checked for 7409 configurations
	Maximal absolute difference = 3.7718
	Average absolute difference = 0.137181
	RMS     absolute difference = 0.234263

Energy per atom:
	Errors checked for 7409 configurations
	Maximal absolute difference = 0.0631287
	Average absolute difference = 0.00393712
	RMS     absolute difference = 0.00576149

Forces:
	Errors checked for 350066 atoms
	Maximal absolute difference = 1.78468
	Average absolute difference = 0.0429827
	RMS     absolute difference = 0.097287
	Max(ForceDiff) / Max(Force) = 0.107051
	RMS(ForceDiff) / RMS(Force) = 0.158231

Stresses (in eV):
	Errors checked for 7409 configurations
	Maximal absolute difference = 62.0414
	Average absolute difference = 1.16826
	RMS     absolute difference = 5.59986
	Max(StresDiff) / Max(Stres) = 0.171565
	RMS(StresDiff) / RMS(Stres) = 0.194564

Stresses (in GPa):
	Errors checked for 7409 configurations
	Maximal absolute difference = 8.52211
	Average absolute difference = 0.20949
	RMS     absolute difference = 0.739411
	Max(StresDiff) / Max(Stres) = 0.104757
	RMS(StresDiff) / RMS(Stres) = 0.145521
_______________________________________________


		* * * VALIDATION ERRORS * * *

_________________Errors report_________________
Energy:
	Errors checked for 824 configurations
	Maximal absolute difference = 1.4192
	Average absolute difference = 0.138792
	RMS     absolute difference = 0.21403

Energy per atom:
	Errors checked for 824 configurations
	Maximal absolute difference = 0.0492445
	Average absolute difference = 0.00395191
	RMS     absolute difference = 0.00572051

Forces:
	Errors checked for 38862 atoms
	Maximal absolute difference = 1.42379
	Average absolute difference = 0.0427195
	RMS     absolute difference = 0.0956398
	Max(ForceDiff) / Max(Force) = 0.145595
	RMS(ForceDiff) / RMS(Force) = 0.158176

Stresses (in eV):
	Errors checked for 824 configurations
	Maximal absolute difference = 51.1868
	Average absolute difference = 1.11983
	RMS     absolute difference = 5.34257
	Max(StresDiff) / Max(Stres) = 0.144228
	RMS(StresDiff) / RMS(Stres) = 0.19031

Stresses (in GPa):
	Errors checked for 824 configurations
	Maximal absolute difference = 8.5434
	Average absolute difference = 0.201499
	RMS     absolute difference = 0.715357
	Max(StresDiff) / Max(Stres) = 0.118518
	RMS(StresDiff) / RMS(Stres) = 0.144829
_______________________________________________


JOB STATISTICS
==============
Job ID: 4833424
Cluster: snellius
User/Group: fshuang/fshuang
State: RUNNING
Nodes: 1
Cores per node: 192
CPU Utilized: 00:00:00
CPU Efficiency: 0.00% of 4-11:53:36 core-walltime
Job Wall-clock time: 00:33:43
Memory Utilized: 0.00 MB (estimated maximum)
Memory Efficiency: 0.00% of 336.00 GB (1.75 GB/core)
WARNING: Efficiency statistics may be misleading for RUNNING jobs.
